0 info it worked if it ends with ok
1 verbose cli [ 'D:\\nodejs\\node.exe',
1 verbose cli   'D:\\nodejs\\node_modules\\npm\\bin\\npm-cli.js',
1 verbose cli   'publish' ]
2 info using npm@6.7.0
3 info using node@v11.15.0
4 verbose npm-session b8f63bce033e4486
5 verbose publish [ '.' ]
6 info lifecycle quectel-ui@0.1.2~prepublish: quectel-ui@0.1.2
7 info lifecycle quectel-ui@0.1.2~prepare: quectel-ui@0.1.2
8 info lifecycle quectel-ui@0.1.2~prepublishOnly: quectel-ui@0.1.2
9 info lifecycle quectel-ui@0.1.2~prepack: quectel-ui@0.1.2
10 info lifecycle quectel-ui@0.1.2~postpack: quectel-ui@0.1.2
11 notice
12 notice package: quectel-ui@0.1.2
13 notice === Tarball Contents ===
14 notice 1.2kB   package.json
14 notice 30B     .browserslistrc
14 notice 351B    .eslintrc.js
14 notice 172B    anonymous-cli-metrics.json
14 notice 35.5kB  element-variables.scss
14 notice 322B    README.md
14 notice 1.6kB   _cacache/content-v2/sha1/06/f5/a74832314a2d35c12039bc9c3ca2daeaa426
14 notice 1.5kB   _cacache/content-v2/sha1/09/7b/602b53422a522c1afb8790318336941a011d
14 notice 2.1kB   _cacache/content-v2/sha1/0c/79/62a6adefa7bbd4ac366460a638552ae1a0a2
14 notice 1.8kB   _cacache/content-v2/sha1/0d/07/0b4d043a5bea33a2f1a40e2edb3d9a4ccf77
14 notice 1.0kB   _cacache/content-v2/sha1/0d/8e/946967a3d8143f93e24e298525fc1b2235f9
14 notice 1.9kB   _cacache/content-v2/sha1/0f/eb/6c64f0fc518d9a754dd5efb62c7022761f4b
14 notice 2.1kB   _cacache/content-v2/sha1/11/8b/df5b8cdc51a2a7e70d211e07e2b0b9b107d3
14 notice 5.4kB   _cacache/content-v2/sha1/12/56/037ecb9f0c5f79e3d6ef135e30770184b982
14 notice 3.7kB   _cacache/content-v2/sha1/13/eb/fe778a03205cfe03751481ebb4b3300c126a
14 notice 4.2kB   _cacache/content-v2/sha1/1c/11/f9218f076089a47dd512f93c6699a6a81d52
14 notice 15.6kB  _cacache/content-v2/sha1/21/38/6c4328d6c7f96780a201e96eedfc09c736f6
14 notice 9.8kB   _cacache/content-v2/sha1/24/b3/a6cf74d14adb4ed776f207871d9893e410e2
14 notice 1.2kB   _cacache/content-v2/sha1/25/f4/8ea22ca79187f3174a4db8759347bb126220
14 notice 1.7MB   _cacache/content-v2/sha1/29/d9/cc2be0157df1c0a87ec3b96c96f33279526e
14 notice 16.0kB  _cacache/content-v2/sha1/2c/03/405c7538c39d7eb37b317022e325fb018bf7
14 notice 1.7kB   _cacache/content-v2/sha1/30/8b/eeaffdf28119051efa1d932213c91b8f92e7
14 notice 217.9kB _cacache/content-v2/sha1/34/17/8ac7bb8ee294cc5d554ad8b50f7f5459fd8e
14 notice 4.6kB   _cacache/content-v2/sha1/36/12/1f845c0578172de419a97dbeb1d16ec34542
14 notice 3.3kB   _cacache/content-v2/sha1/3d/7c/f4464db6446ea644bf4b39507f9851008e8e
14 notice 7.5kB   _cacache/content-v2/sha1/4a/52/82ac164729e93619bcfd3ad151f817ce91f5
14 notice 1.6kB   _cacache/content-v2/sha1/4b/0d/a1442104d1b336340e80797e865cf39f7d72
14 notice 1.6kB   _cacache/content-v2/sha1/52/14/c53a926d3552707527fbab415dbc08d06dda
14 notice 2.0kB   _cacache/content-v2/sha1/53/5d/045ce6b6363fa40117084629995e9df324c7
14 notice 2.9kB   _cacache/content-v2/sha1/56/08/aeadfc00be6c2901df5f9861788de0d597c8
14 notice 1.6kB   _cacache/content-v2/sha1/58/87/966bb582a4503a41eb524f7d35011815a613
14 notice 1.8kB   _cacache/content-v2/sha1/59/c4/4f7ee491da704da415da5a4070ba4f8fe441
14 notice 2.5kB   _cacache/content-v2/sha1/5b/46/f80147edee578870f086d04821cf998e551f
14 notice 1.8kB   _cacache/content-v2/sha1/62/19/a85616520491f35788bdbf1447a99c7e6b0e
14 notice 3.3kB   _cacache/content-v2/sha1/66/3b/3a648b68b55d04690d49167aa837858f2174
14 notice 1.7kB   _cacache/content-v2/sha1/6a/38/5fb8853d952d5ff05d0e8aaf94278dc63dcf
14 notice 2.1kB   _cacache/content-v2/sha1/6b/2e/9822b1a2ce0a60ab64d610eccad53cb24d0f
14 notice 3.6kB   _cacache/content-v2/sha1/72/cb/668b425228290abbfa856892587308a801fb
14 notice 2.0kB   _cacache/content-v2/sha1/7c/1d/16d679a1bbe59ca02cacecfb011e201f5a1f
14 notice 2.8kB   _cacache/content-v2/sha1/84/c6/e159b81904fdca59a0ef44cd870d31250f9a
14 notice 1.3kB   _cacache/content-v2/sha1/84/f2/65aae8c0e6a88a12d7022894b7568894c62e
14 notice 1.8kB   _cacache/content-v2/sha1/8e/2d/48348742121b4a8218b7a137e9a52049dc80
14 notice 5.8kB   _cacache/content-v2/sha1/8e/b0/6db9a9723333824d3f5530641149847ce5d1
14 notice 1.8kB   _cacache/content-v2/sha1/95/69/05708d58b4bab4c2261b04f59f31c99374c0
14 notice 2.5kB   _cacache/content-v2/sha1/98/8d/f33feab191ef799a61369dd76c17adf957ea
14 notice 15.1kB  _cacache/content-v2/sha1/9b/2c/e5d3de02d17c6012ad326aa6b4d0cf54f94f
14 notice 2.1kB   _cacache/content-v2/sha1/9d/63/c13276c065918d57f002a57f40a1b643fb02
14 notice 11.2kB  _cacache/content-v2/sha1/9d/f7/e52fb2a0cb0fb89058ee80c3104225f37e1d
14 notice 2.1kB   _cacache/content-v2/sha1/a3/b3/0a5c4f199183167aaab93beefae3ddfb654f
14 notice 8.3kB   _cacache/content-v2/sha1/a7/de/889141a05a94b0854403b2d0a0fbfa98f3b7
14 notice 5.2kB   _cacache/content-v2/sha1/a8/11/5c55e4a702fe4d150abd3872822a7e09fc98
14 notice 1.6kB   _cacache/content-v2/sha1/a8/47/9022eb1ac368a871389b635262c505ee368f
14 notice 2.4kB   _cacache/content-v2/sha1/b4/32/dd3358b634cf75e1e4664368240533c1ddbe
14 notice 978B    _cacache/content-v2/sha1/b9/68/c6b0a04384324902e8bf1a5df32579a450fe
14 notice 2.3kB   _cacache/content-v2/sha1/c3/b3/3ab5ee360d86e0e628f0468ae7ef27d654df
14 notice 10.3kB  _cacache/content-v2/sha1/c6/46/5dbf08abcd4db359317f79ac68a646b28ff9
14 notice 3.3kB   _cacache/content-v2/sha1/ca/86/d1fe8828169b0120208e3dc8424b9db8342c
14 notice 1.6kB   _cacache/content-v2/sha1/cf/91/6ab1fd5f1f16dfb20822dd6ec7f730c2afde
14 notice 1.2kB   _cacache/content-v2/sha1/d9/2d/e2694eb3f67323973d7ae3d8b55b4c22190a
14 notice 1.5kB   _cacache/content-v2/sha1/d9/33/ceb9205d82bdcf4886f6742bdc2b4dea146d
14 notice 1.7kB   _cacache/content-v2/sha1/df/01/0aa1287e164bbda6f9723b0a96a1ec4187a1
14 notice 2.0kB   _cacache/content-v2/sha1/e0/e6/fe6a28cf51138855e086d1691e771de2a8b9
14 notice 1.4kB   _cacache/content-v2/sha1/ea/ec/bf66cd706882760b2f4691582b8f55d7a7de
14 notice 31.7kB  _cacache/content-v2/sha1/eb/a4/f5da9c0dc999de68032d8b4f76173652036b
14 notice 2.3kB   _cacache/content-v2/sha1/ed/03/17c322064f79466c02966bddb605ab37d998
14 notice 2.8kB   _cacache/content-v2/sha1/ed/14/1a6ac043a849ea588498e7dca8b15330e90c
14 notice 2.1kB   _cacache/content-v2/sha1/ef/9e/31386f031a7f0d643af82fde50c457ef00cb
14 notice 3.4kB   _cacache/content-v2/sha1/f2/6f/484d72684cf42bedfb76970aa1608fbf9577
14 notice 9.9kB   _cacache/content-v2/sha1/f4/80/f40434ef80741f8469099f8dea18f55a4dc9
14 notice 2.1kB   _cacache/content-v2/sha1/f5/ff/aa5ecd29cb31c0474bca7d756b6bb29e3f28
14 notice 12.8kB  _cacache/content-v2/sha1/fb/73/8703ae8d2f9fe900c33836ddebee8b97f23e
14 notice 1.8kB   _cacache/content-v2/sha1/ff/bc/4988336e0e833de0c168c7ef152121aa7fb3
14 notice 13.1kB  _cacache/content-v2/sha512/00/7e/3361fcf0917bf9d188161c861e42417c752eb93980aae99ca5a8fe1742d27b0016b75d5d82806d9eff60154d518be6eb0b00a44ac4ae49882298f7174f27
14 notice 63.6kB  _cacache/content-v2/sha512/01/7d/d9c3988faee37989eeb119120382a913f9986746564c2cc1c0b3cb60ee746bbb2d8d6fe8b9a3d6f082102882d334f2ad5da6bd8b5684bc2924cc62959753
14 notice 4.5kB   _cacache/content-v2/sha512/01/ac/eb4f1c91f7cd7e24549c5f2a586f3348f0664363ac3a65c50e933449be18dd53947de6736755edca3f413e44a01dc785f6df57cd57a7391f3e551f427ab3
14 notice 3.7kB   _cacache/content-v2/sha512/01/e5/3b76b12bb1cd71988dcdde0fce438657deabd1890f11df6cef52d0c857c4b53310e2a1fdb52db7e1166c7e409558ed9e06ba14e105ba3f311e83afa65c4b
14 notice 2.0kB   _cacache/content-v2/sha512/02/eb/ca4eb4df40d60d21cb5b4752bf6064d1d7be7a1b270fb20edbf5b755f43baababe20bfa68aa875da87aed9f08992ed6133e5055c3ad95f5b6ad912e82deb
14 notice 128.9kB _cacache/content-v2/sha512/03/23/52784ff7d23a94062491c90998a33a53c255bff519ce3773d75fe01a5846c84aac61d6d91a239db6a67b89f2e9064e3acb985393a13c861fb212bb375941
14 notice 99.6kB  _cacache/content-v2/sha512/03/d4/66ad5e9127a19bfa4bbc9590a2cc5ebd16b84a8f27b5d0d9516e3d1ae2d1700aa2c508d68d0000754e9b62437ccf6aefad7f967a62f25ea0773ae4e1b0e2
14 notice 2.0kB   _cacache/content-v2/sha512/04/cd/ab3a60283add3b0fc6d4464f318f766d2b6b1b5ee5473f319e84cfae0cb3d82a1a180ecbdf7c22df7a399472a61984340e2c4205d826222186825905042a
14 notice 2.8kB   _cacache/content-v2/sha512/04/e1/cdf3f18f622d1eddc8772c77fe3bfa64cdb73458a9cdb9874d74399f8bebdb7205e91bd1eaeb3109d02d47c10c98228c1512a316d3cfd7db7738ddae3b3f
14 notice 14.1kB  _cacache/content-v2/sha512/04/eb/4d7e10a6ce0c80a45fe2d3572c80655bf8b265acd88d6c88372776fb36e7514b71c25816bc679eebc1435802b4adc16c21a9e746aaf3e62ccbef17498f59
14 notice 8.9kB   _cacache/content-v2/sha512/05/17/4d9bc85b5b31735871114eb7a32eac070df4b81a26cfa2ae708d33c8a091e806d2863e0df10057f198cfbdced6d77a5c5c7f687041c6b3d4fb6615eb9ef2
14 notice 9.4kB   _cacache/content-v2/sha512/05/72/207946cb85e811c105d7b55fe237c72f85696fab563e9f9f512e91fe438bfd35737263a6e9c3c7a884c7d0c6a449262515072679998e20518b127d4480de
14 notice 58.6kB  _cacache/content-v2/sha512/05/91/34623785685b270a0585db0ec979330451cd81c36b2fe80c1239e269ce7ab2e2f2986f6020e29a365f6209e38371aaa2abf99ad3f1b72c8697c727fb2233
14 notice 1.1MB   _cacache/content-v2/sha512/08/5d/3dff27988699ab1d247febe2ba4b620e7c70e15f2cdf537234b364682c3f2abf8a82c19b7b5d8b8e5ba0c534de16eb140f646040c3141d130c02ca74d202
14 notice 47.8kB  _cacache/content-v2/sha512/08/9c/daa085e4ac6d8bb517f7c643e8df4580bcd4a2195bfbd0d2ced7371e7105642aa489d6b1849012a2bb554af24c8ac311c7d9d95b8507f0f2127803c0b9a8
14 notice 319.6kB _cacache/content-v2/sha512/08/bd/096b4b8b8bc0a9ae075a0114434e40f37fb851885ca7abf6c040b7ce945f0057fc66efddecbaa0b4e7da5f6320be47102d908a1da8a3aa5df1544d1fd688
14 notice 916B    _cacache/content-v2/sha512/09/6f/0007728f34338c7938fbbc752a3c4438661449ea2d16cbead47612c407a4a2068bb63df1ff6ac52a1b230799ea8f1e09bd749d7e670a678ee3c3e6f79367
14 notice 23.6kB  _cacache/content-v2/sha512/09/f8/192a58c3afcaa68e19e0a675e65f83f58358ba671060ac1a690eb96569b8f4d3cad1383345d41ee1b239de7fce4f9e76e3469a218db4218b4c402669890f
14 notice 2.0kB   _cacache/content-v2/sha512/0a/95/4c22dfce38fff26d8bb37d42ed9cc52c198ca840b30e2997726e69fecad0eb464977c9c13bdc77a288d2bb8e975d7a5f1c8fed59bd34abb001a590717200
14 notice 6.0kB   _cacache/content-v2/sha512/0b/00/4b444210ecbbd8141d16c91bf086ae4de6a3e173a3cc8c3e9b620805948e58c83825fb4bf1ab95476cc385a8b83b85f5b39aef13e59d50a1f8664c8848b4
14 notice 1B      _cacache/content-v2/sha512/0b/61/241d7c17bcbb1baee7094d14b7c451efecc7ffcbd92598a0f13d313cc9ebc2a07e61f007baf58fbf94ff9a8695bdd5cae7ce03bbf1e94e93613a00f25f21
14 notice 297.7kB _cacache/content-v2/sha512/0d/05/2146e638b38026775f08cfedd5522e375a47274d33cb03cdd85f25cc07075d4e7a1dd2581d10c95051b34b5200c62fd8c46476b4e4588851f2b02066f8a6
14 notice 2.1kB   _cacache/content-v2/sha512/0e/e4/6cd6029b06ab0c288665adf7f096e83c30791c9e98ece553e62f53c087e980df45340d3a2d7c3674776514b17a4f98f98c309e96efbdcc680dc9fa56e258
14 notice 25.9kB  _cacache/content-v2/sha512/0f/67/dd00be50a073c50fbd104b6dfee158c7b163ece0f19056c57fae4d63726e1a0836c147dc8475cc1efc7e1ab2e01489d4a56a2a2ab6f666856d2e8d05f7bd
14 notice 447.2kB _cacache/content-v2/sha512/10/03/e2a5335e5ac6ffdf02cf7aea75b553da5df21a53af3132755d3da7c82f54d5d393a101202b63221f16f9ef24236b4763483af0d534d4c545af917b6316cb
14 notice 21.5kB  _cacache/content-v2/sha512/12/e8/4166cdbe5085868d800778bb9c28529656f1fae7d72cbaa6450effd8356ecd81cd3b35c63b3222d47b82dca8c4013f9c60e66ed672634bb580fe9d735891
14 notice 2.2kB   _cacache/content-v2/sha512/13/29/094ff4352a34d672da698080207d23b4b4a56e6548e180caf5ee4a93ba6325e807efdc421295e53ba99533a170c54c01d30c2e0d3a81bf67153712f94c3d
14 notice 216.7kB _cacache/content-v2/sha512/14/21/2143fe2b135cd8bfdad85c9c3f9ac46ab279a58dee631cfea1b9678167bd388d44f2d36739019c96ba3a4c4756b1ea6570f4dc8931fb8ad8230359521f80
14 notice 11.5kB  _cacache/content-v2/sha512/14/62/a2556d5481e20400285802e1dc7c27745b82ec304cab4b24d56998ae261c11e01c125540fc24a9f399600c2b614734b6523c651a124a5afdd9198f6baad7
14 notice 8.1kB   _cacache/content-v2/sha512/14/9d/d4808e20225f8f1d99b9de49ecb9216913e9c448cafb338bfd41c801ed2eb72a3ffa5aa322150269041633d4fb7eeba6d9a4fdd0ecbc9ed0ea3d30f28476
14 notice 18.4kB  _cacache/content-v2/sha512/15/38/1b23adbfc21549f0ab515733a3b511ad733437cbc5017c7c1adc164f925250b6b0848bc32f2cdebc4e64a1bdcbb6ec018477a2908e92179e61afd65e951e
14 notice 23.7kB  _cacache/content-v2/sha512/17/da/cc822e58eb1d7c4a13aa1c1c95c2b89b921a9ef3886165a16d82875b9af9cf5c3445cc8f1038c85970543c3de37718698c655ac132806b94ab9ccba06e9d
14 notice 18.7kB  _cacache/content-v2/sha512/1a/95/6498cf2f176bd05248f62ef6660f7e49c5e24e2c2c09f5c524ba0ca4da7ba16efdfe989be92d862dfb4f9448cc44fa88fe7b2fe52449e1670ef9c7f38c71
14 notice 8.0kB   _cacache/content-v2/sha512/1b/f0/430b95e1752fb1c39ca0edee6aa9f61d21495d1ff12ec1f25554b7583388de0dc55207c308665923ba3be8e4dbb0d326fb03b8044467813b60a5f077b7df
14 notice 10.0kB  _cacache/content-v2/sha512/1e/f7/47d8bcc8fc4019714c00f3ed2728db561ea4be6668a32c0df4470640d1ba3b4e809c9232b93241a18c40fd2a845c5cee8168623723d508cd203514a14f39
14 notice 9.1kB   _cacache/content-v2/sha512/1f/b3/d12364b8ba2efe79bfbd88483266d2d7b0715553141b8281f1f570515fdd494c99f183d48c694f9a96020f0d3602951675776d5615a7223066e4ebf761e6
14 notice 25.4kB  _cacache/content-v2/sha512/20/17/59e81f904b694dbee59625d88afd6785402fe6eedea7c517c440c0484d175c3edd23853e3e1899a2995a6992614e57643bf33338f7523b36c532c20c9ed8
14 notice 16.5kB  _cacache/content-v2/sha512/21/3e/51c5b7ac45f5d89cdefbf5feb2d8b3912d524f2ac7236ae0ad92a0eb1f757907dc8a4138184ab08cc2866022f5181c3b6a7fe7c4c2ef59c78138ec4b6e9c
14 notice 9.3kB   _cacache/content-v2/sha512/22/b1/98a16dd1be0db62fc7a3b04c073764b492beb3432bfaba956653059a9f65bdeb685afad8e77bcd9aad062982ba8450f081f38c6f9b53f4c742a825a869cb
14 notice 5.0kB   _cacache/content-v2/sha512/23/86/0ff82cf5407082d0abd984d193af88b06f70d41436867996bd50765c001ad399154996d066f5d6282cfa8f7f59238ce260d008f61d022321f99aadf71fc8
14 notice 6.3kB   _cacache/content-v2/sha512/24/59/1602246d6f243f7a667275acbf2c2852af9527c12be8b8a34aee1a1e21005bcdc4bf7a136a1930b57d08c0eb0f88407170ccee8463c3e819ddae87abd790
14 notice 619B    _cacache/content-v2/sha512/26/1d/6d81931256403701138f617927f98ae34ad7902dddb215bdeb4c3457ef6caa1d876d384952bfb8d64354f16149db7b42ae779e1b4d8bd2c1b2857abbd63d
14 notice 129.0kB _cacache/content-v2/sha512/26/aa/5f8d51bb019647eec9f38e33ccad4c0f05417b0e87df7912d26914e233fc1bfe48db4c27ca3a088a0e52ee04832c6b222fbb61bdc986f45fbf7bb61b1f22
14 notice 60.0kB  _cacache/content-v2/sha512/27/61/c5a8cd99a4a710a3361b70ad413c655cfcf7add5801306834de93c26f1aeed9f6e38103d6a69f60ea4c5feb636f35af4c40c7e9a7b5aefb8490215174453
14 notice 19.4kB  _cacache/content-v2/sha512/28/1b/79f31087af2e027a39dcd88490005ed063e3919e0b167f17b33baf3ed7684a57a95063c3ffa6c22471b8de1d69fb32a720722589c8209ebc53097485e9a3
14 notice 35.2kB  _cacache/content-v2/sha512/28/fc/ee1def3ec292adf75e700212b46689fb5c85478fd8006d34dc59a809c50418cd9709f0c5e5290f597c77366ada4b9c93a2b641147d8321e2aa469d655b40
14 notice 1.1MB   _cacache/content-v2/sha512/29/5e/824860b2a4011f7604ed0b43cda6c740d32a48f9308058589e7e8d2ef4923e1f914de4327ccf36ea119b22330a05be8b11aa2264bf1a2d3246bc390c1beb
14 notice 8.6kB   _cacache/content-v2/sha512/29/ec/b9348b14c5da8a837bc8b1dc3d752b97a4f090dbdef2eb00632f7d1e771c0f82dd84e3859c58165ecbf66f51ceac1112d3c4a7720aee206459946e4d50ec
14 notice 16.2kB  _cacache/content-v2/sha512/2a/11/ef663ede24ff5b1278eb81ca2b586a20c76ef22d6367586bb4b6956b571056570dc6eca646bc019a12f7b594ca9394d311a57f076727052f3a166bf38c2f
14 notice 6.1kB   _cacache/content-v2/sha512/2b/8d/9de031d7665a2dbb1c9f276acdb85377cced9667acac2332beb7ea61750eac08e0c2f0c5e7f05556ee8943e944a20600b4f406b5a1c3678d34d867016a88
14 notice 3.9kB   _cacache/content-v2/sha512/2c/e0/54d4ceb8d2929d1d9d8a57c5e5c80b04a80ea6b7ee81b1284ce73fa2c467d26933b2b0f0e3a31fe1131710ee93cc613720c73c0e16f220ecf086ff8ce99c
14 notice 3.0kB   _cacache/content-v2/sha512/2f/6f/124c1d7bd27c164badd48ed944384ddd95d400a5a257664388d6e3057f37f7ad1b8f7a01da1deb3279ef98c50f96e92bd10d057a52b74e751891d79df026
14 notice 3.6kB   _cacache/content-v2/sha512/2f/a4/7ca9d3409e6af86e3f7605b2011aa5364fa7536a796129439ea21fecb825f0aea89822db935a8b2aa430e55c2070af65de5c7bc4556a087acfba6c59e8f8
14 notice 2.3kB   _cacache/content-v2/sha512/31/07/171146c22ad128edb86a12ceb9eb41f27785daa2f6653bf93d57786355417fcf05bb28155d48ae2022dfdbcf04bd31b479aa86fe1798eeb19b1bd1840ad8
14 notice 398.8kB _cacache/content-v2/sha512/31/28/0131e3a46390fecaabea9ea5e651dbaeaa212cf0ce377eab20dd38be7c71f1f3003b525c221bab7e4bda6686d1a5f38a8431e5b4db2c5e588b9beefd4e03
14 notice 6.7kB   _cacache/content-v2/sha512/31/28/d8cdc58d380d1ec001e9cf4331a5816fc20eb28f2d4d1b7c6d7a8ab3eb8e150a8fd13e09ebd7f186b7e89cde2253cd0f04bb74dd335e126b09d5526184e8
14 notice 50.9kB  _cacache/content-v2/sha512/31/2e/55c31f8db4d766c75b0f377f8366226e9fc1290f23e268edea91872b7a92ca9d45b054d37bfa7e6e4807280b7a428b9d5be7941d17687debe4e3716f2439
14 notice 7.4kB   _cacache/content-v2/sha512/34/9e/989f716e0e29c168145697fab95ffb3892844706b80a02efb2188e890817a2bb7aab71b261c13d86791fc45d57f295193c7694152682c41612be32edf534
14 notice 18.6kB  _cacache/content-v2/sha512/36/5b/c84a6603821be40f4b5cb700f6faa4fa406881e60c68f2fe766a4dfb7a43cfb5b6b1d7210e7f4f6a5d00512124189dfd836e3fdc5664c80e4fbb73b034c7
14 notice 2.8kB   _cacache/content-v2/sha512/36/6d/b73e2985897a091f639da4f5813271e50cab73278893d159c8ea4703a7659a4b70d9a21811ba0d5fcc492c4b4dbe66caab58a0114211094e6e721509caf0
14 notice 1.9kB   _cacache/content-v2/sha512/36/c9/a85da96c5950cc1aea71679474f246bd7e56638e22ef1d501660e2ad88a33cba3b595abf5c45f7da93eb92138f3e39bf0e6da957a70c9e522c830fa40582
14 notice 12.1kB  _cacache/content-v2/sha512/3a/8a/7782221b1da338f9817839ce9fb39b9608ff97dc6f78caed50ed4757ccdad50b33bcc892fdffdabb624a684aad5ae232d5c2cd42a19af1adf5ebec39283d
14 notice 5.5kB   _cacache/content-v2/sha512/3d/87/864849a61cceb3be879fdb0f133f396b9cda572234e2a582bbf3462cc2620ff6f8f199de98d9adc20762acebf014f0d1e366e817be8f30de858cdaa9f05c
14 notice 2.6kB   _cacache/content-v2/sha512/3f/34/912752067e72cef1741e0125fbe11362aa013652c000df48e4081afc8214e99123eb69a6669ddfc23e68b3541d225be19c64b119d6f6b32602105d36127e
14 notice 40.5kB  _cacache/content-v2/sha512/3f/45/e5ef9fe2fce356f3c3fa50a265dddf4ce2dc7bd6a604cf5c5c2d2a8047ba3536a04ba5a2593490eda1d88762da2bc82fe0a81b837239f2991bd1b77fbdcd
14 notice 4.0kB   _cacache/content-v2/sha512/40/2d/7f88dff6fd13d52798d82bc046b6d8f9cfcdcb9922a6bdbbeb5cf3422d94846f7d8a2950c90e5fcc3add8dd35a94d87fc593311af4f2ada3506a0e3b5ded
14 notice 2.0kB   _cacache/content-v2/sha512/40/69/0e41cf172fa06de4fc27b04c4a04fb8c281c671b15965b77d4e795ede1f787a3331485d50c6810a4dbdd2aa66ff01b9bbf4522b3c1d002e22e7562282284
14 notice 19.4kB  _cacache/content-v2/sha512/42/a3/3db5b3dac6b09db2be8d5c78baf27713807551d81b9f8fc380f012e295a92ff6f295e8366a9e142d0d9214814659c68ab62cc191b4106c7f2f71733b9837
14 notice 9.0kB   _cacache/content-v2/sha512/45/11/023ec8fb8aeff16f9a0a61cb051d2a6914d9ec8ffe763954d129be333f9a275f0545df3566993a0d70e7c60be0910e97cafd4e7ce1f320dfc64709a12529
14 notice 2.3kB   _cacache/content-v2/sha512/48/a4/9eb65b58cbefa6f9d29a1a8bf5c40cc0e5b118b69dea948aebee398f69eb503f8cdb2b835cf9dd2be6b79648a1f1cdc1bd559535fef3185864441864a19d
14 notice 6.0kB   _cacache/content-v2/sha512/48/d7/4b38607588f980a91e880a77969dcd45a33bb80f6ff0df02c7c95f3abf79be0ce5f22399ebb188e9ca6b5aa12c556bf4e64fb18f4b5bb4bb097b946dfc57
14 notice 293B    _cacache/content-v2/sha512/48/f9/3d5ec91c809b703581be53ca716851cb5171bc66de935fff1800f5a3364432b6a1625c92f027278c7dfb4a1472dec97bf57463ff18fc33d0b0c0b6395a38
14 notice 1.9kB   _cacache/content-v2/sha512/4a/f0/8104fcce21eff74eeee34e5d90f0d8c84e32e6abd9bba1bce34b26fc3d7596677d7154aeb0e13eaff1f3b1fa5ae0427aa4dd8c5cd342c3a2516c49a90a08
14 notice 4.3kB   _cacache/content-v2/sha512/4b/e2/7742fcbd02c82a2da24979869004e211f3e0c791d8046525df91d97bb4863aac6bfbce6ca19b10f59ca0b206e8a7de13fed22d2cf4f99467246f78ac015d
14 notice 34.7kB  _cacache/content-v2/sha512/4b/ef/930e54b785b2fd05850745f1dfb1015133a8b88b7e44ac358b1a590e9d2bb10fe62a15ef6cdcf8f70aa85c312c946ec56355245dc271668cbd73485f3193
14 notice 70.6kB  _cacache/content-v2/sha512/4c/e9/ff5f6b0ad03bf3e30543dff7e6b06c75d29f64912b95396431298f2946fb8c47400538cfc82b128b76d1681da56b40c0a6e55ea61d7cd41079f8a4eece53
14 notice 3.6kB   _cacache/content-v2/sha512/4e/94/39c51c842f9f0835f7722ddcad1b031143909c1278d9cc1e29dcf864fa4d66d0237fd87d95492968cc4ecf90f4189dc594882ae9f8873cb9ecea692ab699
14 notice 13.9kB  _cacache/content-v2/sha512/50/33/e668253f6ea65493ce02a62e4e8b4c1132d78f0a972bbd39d59d4bfc5c5e99425f519d70ea2e2c07d02bae923f5513c72b46165d207248be5de002754479
14 notice 199.6kB _cacache/content-v2/sha512/52/38/1aa6e99695b3219018334fb624739617513e3a17488abbc4865ead1b7303f9773fe1d0f963e9e9c9aa3cf565bab697959aa989eb55bc16396332177178ee
14 notice 43.2kB  _cacache/content-v2/sha512/54/0a/2ea65bc628f88a1434de0823bae6f607b326b2f03aa805297320eddf6b2adf3a053de2540de5ad6e5959c5acc2dc793270ffe7d05d1e4f19b51545a1ec85
14 notice 5.1kB   _cacache/content-v2/sha512/54/55/8300739eea646e4f899945de1e284f9df1479dae4e979e1ed287d6f8346b9f40b4233abbdffcc42839dc7ed2cf762fcf457b251435f539f7b8ffdee3696a
14 notice 4.1kB   _cacache/content-v2/sha512/55/4e/d1e54c69dfc2ca1e8a06b997b44dc5f610f2bde679fc0ef72502f4cfc83f7fa87997bedddd476a49e092d9f2e2e3c50350df334b1490ab7ad7888f772fa7
14 notice 29.8kB  _cacache/content-v2/sha512/58/77/25a4c6375c31db761e248470643be93f7691db8ca79eacd08f1fc70390b4d157ffb61c474011e88573ff2945fdb027707df9f30b836477becfa276eab3b8
14 notice 20.6kB  _cacache/content-v2/sha512/58/fe/92b592a92008c61f8df864274bb1f34502874dc58afbe94fe2276e2e011368ee6a4ee60a125b93c4b221355a257b16b8620c833d2a67d40fa84da75a3364
14 notice 26.4kB  _cacache/content-v2/sha512/5a/89/e6ef3382209cc1190741fad86c3daaf4918b8223362fc59c2505af3bca2fcc763bfb4e2a7673255b2e3e68d1c14f37811592e4f06f71830f2531d831a71b
14 notice 17.0kB  _cacache/content-v2/sha512/5a/f2/75f773876b41873c42fe032704260c6f044c327d190dd6f86371adb739a3d530268b0974dde6a02ef360234dc80fd54266cad90e29beb762975eeeb68322
14 notice 1.9kB   _cacache/content-v2/sha512/5b/53/9645e1e779662e1e9fe130454e40e27c42621f0684dd453d35c7678c8829e08b88bc2a4709a81b6c8027ea0ba5606dcd1b05322f44ca0fd506e9b99e24e2
14 notice 9.2kB   _cacache/content-v2/sha512/5b/6f/456caa11835dc12299a800cca696945fcfec744c79854af75f3aeff916386b7802fdff17b4857adea977193cb7750bb304602d56b14c81023b2e79761fef
14 notice 14.8kB  _cacache/content-v2/sha512/5c/2f/2d089936df9cc2d6df86364d2a7369b0281b8b34094b8316db23a2126ecfc2df5e755764f9d5bda667435b281d492f99517fc70fd9440acb4524863fbf13
14 notice 11.4kB  _cacache/content-v2/sha512/5d/00/7f442e7d42225401fc7f8c95d451c6e206d6e84472ec509f73db096d8653a64c3b5e7a12b92231b524a01309c942617eefff6a840a87ec81dab949e65785
14 notice 2.1kB   _cacache/content-v2/sha512/5d/64/f5c8d2327b27a7b13b8f88521a4703cccc0badefe8adda6ffa43514a0715e92ae21d754dcbd60b07d42f10cfbdb65916f30d76f2e79bed95ffc1ac2e81f6
14 notice 22.1kB  _cacache/content-v2/sha512/5e/5d/a931b22fb6f3f900a889aad00ac5172690f12a2fa2ebf16fb1c2c57ad1ec4af63e12129f41e24e3d6e481710adff3cf5ebafc5e69b2b9bd8d71af6b49651
14 notice 138.2kB _cacache/content-v2/sha512/5e/cd/92b70e8d88d1d6ca9cd14d8d4cb5a1bfb899700a4f241fcd7ddb499af26bcdf17ab582c7e166fa642262d002bc3c0079eff0c4f6238e49ddcd11f2c944f9
14 notice 5.9kB   _cacache/content-v2/sha512/63/27/b9fb77ab08fd84430ee18c495a9131b1bbf615ba2de369ae91cfd4a6bc98970fe475f986994af21f03aa34e6ec6c8f415a7306d15640ed2b530c9fa22e95
14 notice 11.9kB  _cacache/content-v2/sha512/65/bf/28af5832cb9426c4fdbb8c1d742bf61f6256fa6acd653d72812062795ecabd786c5e5a027ad44b76b797184e968d9b24e969dac0be8563aa20bd3bea5468
14 notice 1.7kB   _cacache/content-v2/sha512/66/0f/e176abe133f5caea95aeaa5d6e7e44fe2d83a0b10ca5fc36a2d544de717957ac6ce26436bc4e3e823127f0e43f34b6e5c0193319e3679215efe6fe47dacb
14 notice 3.2kB   _cacache/content-v2/sha512/66/90/a554aa973774460662a26dd7d6cea098e259e312ea0dcd4e53d28105a5f77fcf9a891d56abba4ae2743e23b8b3b6157322c14431afd5aa42d6986bc5d163
14 notice 23.0MB  _cacache/content-v2/sha512/69/75/45d0b1528174d4e364a874ca16e63a34c60a9a15160e623faff4444f540af724048efd12cc1ac2fa04e9322ba10e60c7f43646d6c139f2c5455850deeaab
14 notice 10.9kB  _cacache/content-v2/sha512/69/d1/1a0f259809af58f021d61ef7e625275fcc67cd7ec41549426b3b721fba993246c6192a21b0dd9f0485b1b07cf50c116741248be42b373e56ae61db98f24b
14 notice 1.9kB   _cacache/content-v2/sha512/6a/3b/ea82768a88b76fe67af4a967e96fa0bad34364fd5ac571ad115a0d83b8e7ab301538addfdb167a3cab0aac43090a5e65406527dc53b927e74d98e663ed3b
14 notice 17.4kB  _cacache/content-v2/sha512/6b/ab/2e983973c8754959bf3e6287d8e135b5d761baa761423c400593ee7d808607bf75c74619bd96d550f64962e213567900704a97bc711376e71d113ae9cc3b
14 notice 16.5kB  _cacache/content-v2/sha512/6c/2e/c496b7496899cf6c03fed44a2d62fa99b1bdde725e708ba05f8ba0494d470da30a7a72fb298348d7ce74532838e6fc4ec076014155e00f54c35c286b0730
14 notice 2.5kB   _cacache/content-v2/sha512/6e/a1/10d558bfc443781d9acc568e49fdef5433e8c2fa064b3088f2d454fe080add10b366d95444bf64ffd2da9c9990a1fe92faebcabd7cba0954e23f0a0448e5
14 notice 18.9kB  _cacache/content-v2/sha512/6f/7f/5305a4d27d5eb206b6a953cf69e5f29e904da6fcdc270e870e56bb90152d7fbde320773b8f72738cdf833a0b0c56f231ff97111ae6b0680de530bb91c74f
14 notice 237.4kB _cacache/content-v2/sha512/6f/8b/9713de69d49068087e8b8b624ec473b9996586e35fa27c7073fe0699a38b66d09ce5f4027d2bae28fb5108326ac94ffc32e767451394f171a654a6716951
14 notice 3.2kB   _cacache/content-v2/sha512/70/21/52dfe501739ba2518047ef52d65b6333b1c1af7fbe796d673568b73a8a038c2757a4ef368d7e5376c483eac9808ebcd445bec3e0c45136994e49c8108ad2
14 notice 9.1kB   _cacache/content-v2/sha512/70/c8/55e60efa11f4fdc2f2f48ddcf89eba643f70d181776950b42f64b20f858126e8fc4f685879b5e44a734dd3712a6118e9c28bbeb3ef96f02746f850ce56a6
14 notice 1.7kB   _cacache/content-v2/sha512/71/dc/8cb6a5ff04eaaa3410622a5215932b4d1e6e3d32d3256329f5cf1cef24a5a614c946ce6fabcb90417d8c9e63d62634a6d14a8fe8ece5fdc3d6a57b4c20df
14 notice 3.9kB   _cacache/content-v2/sha512/73/9a/4799ac077e20a53e47e3c3ad4d4efae4a83c5ad347954160067f4b0298241806a7ab3425df75ba3dcfbaa9a6d1cc1faaf164f693be3ebecb05f8eec78133
14 notice 2.9kB   _cacache/content-v2/sha512/74/ec/bedc0b96ddadb035b64722e319a537208c6b8b53fb812ffb9b71917d3976c3a3c7dfe0ef32569e417f479f4bcb84a18a39ab8171edd63d3a04065e002c40
14 notice 728B    _cacache/content-v2/sha512/75/9c/f40e75dd0936ab93ba4f8151ce8156fe9bef5900c99b43cec86ba2cd101d1c93dd6e5b458fbe63d50a9d5d4dee4295753d2a9d10a8f62f46bcc73714f3a6
14 notice 4.5kB   _cacache/content-v2/sha512/78/1e/2e4fd446ce0da8769111eb66c1c122ef51e182f966d18e3cb21611ac2a773cc29fe6d3e850b0c52f51edc7d95d03e6fc349c174ed61089a19a3998a7ae21
14 notice 16.8kB  _cacache/content-v2/sha512/7c/5b/0c00ca1cc85e7c1ac989a9fed4df5a420f6d0c262f710fb1dd5998f17832ea3c71b744b9113c874c5b3d1aa9f0bec3c0e21ec2f4b8293da65035df2efb9f
14 notice 2.3kB   _cacache/content-v2/sha512/7d/c2/66eac7e0c02b051837a79133bb1c8182b3e0bd1db51c147e02214636042a58382582d01834fe8e0366514960215091d40b1153a0f6232f6b7aefabeccafd
14 notice 6.1kB   _cacache/content-v2/sha512/7f/70/6d7e6303d8d31e4209e499503e75463c2a780befc24788b50e952c029ed82816975bb129a5b9191e8e45fa1836cdbd942e5a766ff68b9688f881c4ee8b14
14 notice 2.3kB   _cacache/content-v2/sha512/82/96/81acc022cd510034ea5f669fc41148b14d70f21adec317374ae6153e51b5adfc9d25074c36d277198f9f59f5af77c476fdbb5db3179052ea2f5129bb60e3
14 notice 9.8kB   _cacache/content-v2/sha512/82/f5/901b5473d5c2785aa7808b93123c3ebda81d1a3e3a515c9c850a13533c1d310977b0cbb3585e3740a8fb9f116ee80b058fe1966e6e16a9a568f955e3c899
14 notice 9.0kB   _cacache/content-v2/sha512/85/95/954e232b683c403be6f3710feee657e644bc4e53d8273672dfe4f882f6acfbe9373341de0e83b5d0b40fe28892eebc6fb708f050f8e078005a0e7056539a
14 notice 5.7kB   _cacache/content-v2/sha512/86/6f/58fac8463b6d183143c960cb7f5782c8a7e5c463e70f8d15833d25c0a49555a44b1f3fe17d056c3e934f1715b523a15edb7921ab60d1b8dbfb25114ec3ca
14 notice 21.5kB  _cacache/content-v2/sha512/86/db/5555a2d12a372efb3126aa5066b55526e255d844254f6895ff0b1ae428fe7ddac3ee4ed36985897dca911a2c7411bbdb09de048efa09eee0899a5176d03a
14 notice 33.2kB  _cacache/content-v2/sha512/88/88/189ef8b62988b80367d717facfd62f1fabeabed58891110d0ca9645f30cc6e692f854a28aa46fc44703d9f69682222bb96ab296b19eb40f3f79863e4c3ef
14 notice 2.5kB   _cacache/content-v2/sha512/88/fc/92cac8681408223cc8fa302e355f5adb363913181842423bbdc4095d4867b563abadc961b615b76bece5eebaa707f7a28c65bb898ef8aef5b5e07d56c952
14 notice 731.7kB _cacache/content-v2/sha512/8f/50/3c8a46d4ab426c44a914eacf9074f83e5b1926a7236ee22b527d685ce597a538ab53dd8353a09c75b345e843b092fa4d0e781e893962b11010419d9ccc52
14 notice 59.9kB  _cacache/content-v2/sha512/8f/7a/3b25987cb7092c3df3a7fc1d07fb5fdf2d10d1d159333ef1d5f5c324901a7ea3a57754a434e4f71b01ff5568088670c0558bc69f3205e80c2b201db23275
14 notice 2.4kB   _cacache/content-v2/sha512/8f/87/a68b4dca5ea256708785f1e2179233053750a66fc81494360678100b2cfa39a9dc937c0f5b3ad97c9b7de54680bebc53243f7825d16b03afafa0cf16db4c
14 notice 5.1kB   _cacache/content-v2/sha512/92/85/fb9cf134a5b1d0e49c27a86adfcdbac2da849223ee23da63bab6189c7668e1527d287762b9b55be6d24469a731975a95a35f500668f8fa02b3c32e957222
14 notice 53.6kB  _cacache/content-v2/sha512/93/5a/58c12989b15e6d1adfb614e354e0b62111f8b06ac8c5c89ed483043417a6f518b47d14e73bc0ea7e3df91c87419e519c74cd7e155ff219cf74b81ee894ac
14 notice 3.6kB   _cacache/content-v2/sha512/95/10/779e354d061c6243a86b79c6278c93ea53c06e00837c506cd4bef1f59dc225b9c0cfaafbad3f3310cbded61d3ad88208d196bd8bb8d31af990124e6bdd47
14 notice 20.5kB  _cacache/content-v2/sha512/95/6a/54204b7e417c56d2acaa08fddea7d36a0ddb27f1b826b8d22f44196d6016f4a378cdb6ff9769cfd9351fef9700ec88e505baaa55fc22ded84cd51348b84d
14 notice 2.9kB   _cacache/content-v2/sha512/97/72/4d7adbd15d71094b05f9194bf394685f08fb1bf95d3bbc956a1d29f32b4b77cc58cc886081e52c2a5921f6967d17b06970493bdf71ec613da5faeb1029bf
14 notice 9.7kB   _cacache/content-v2/sha512/9a/de/6703e14243ede2288893263f6b619448d461fb0071e8ec7a482b67d598568ca59cb5e9b7dcc2e5fd068e7e715ac58443c7260eb4fe55e26ed82b4fe32123
14 notice 26.0kB  _cacache/content-v2/sha512/9b/95/586fc794b0eae122f4587f1db83f05f2ad21d0d056f8f3e13ed8fcbc8b095ca42f695265fbcc0d5343c858d9efea317314fc7763d6dd70fe10a520794e90
14 notice 5.9kB   _cacache/content-v2/sha512/9b/ab/3639d41ee7082914c0bea4027eabd7631bcd8eda37073ce23a44d835cb2f6b09847e583e8d6e9977d9f0e97c2e7a9e2add472fa8a456bf564ec7621a9a7b
14 notice 6.4kB   _cacache/content-v2/sha512/9b/ad/9284439b437f427eb6a58a51104631faa0032d342575c49c84c792e945851537e12f8a984381473f17786761b0039a488db3aed8fb7ca59a51bb2e7bbe14
14 notice 9.6kB   _cacache/content-v2/sha512/9c/a8/4ed7c1ab28cc50c98432f4030f7ae5fdf519d90e4d429159ee4c6a103146c6bfb8aa5553b4fa26dee992fb82ab183d6e5d6088fd30535cefdaf8099cd3ca
14 notice 2.0kB   _cacache/content-v2/sha512/9c/ea/87e7d75e0aaf52447971ab5030f39267b78c3a2af2caa9656293aa00f599255cb3483a5aa0e05db2ad3d4c55a4e302abd5c1d7de67bc3b682bc90fbba093
14 notice 12.9kB  _cacache/content-v2/sha512/9d/18/827b5a83743adcbde150cd3c34406123ddd469c0dd7d05a8a5492c1f85ee1e50d350fbd4bf0292a70c402ecb0f7972280eb523dc88c12176c0b4a8d52229
14 notice 3.2kB   _cacache/content-v2/sha512/9d/e1/c1f71bb387fc24d1d207c1ec805efd9a3c6648564de92cc7befd137320d7f5edf7b4386f7a42ba24b580149bb48cd4f067cd369b68b6e8aaac43c8c53e49
14 notice 2.3kB   _cacache/content-v2/sha512/9e/77/bdfc8890fe1cc8858ea97439db06dcfb0e33d32ab634d0fff3bcf4a6e69385925eb1b86ac69d79ff56d4cd35f36d01f67dff546d7a192ccd4f6a7138a2d1
14 notice 1.9kB   _cacache/content-v2/sha512/a0/33/3491448d142df54a13711ca5327d92b2f1979764158c8cc7591ca2ce935deebd3dbb5532ff4334467d151c7af261a64640be584f62e5e417b78d5abb72c5
14 notice 3.2kB   _cacache/content-v2/sha512/a1/14/88a51f29c53d56af616ab9336719eb7bf5bdc15a58ea3aea16fe1e28061c49fc751b5f99d7e894abb9392f5c30853300cfbec6934dbbcc2ca6564b2d11e6
14 notice 9.4kB   _cacache/content-v2/sha512/a1/49/e3996a72d27888df1fe63cbf1d54423597b3271b7f871f244f1dff981526cafacbce857a6648e703511521d9a382825da0af3ace3edd671cbb8254550b2f
14 notice 7.9kB   _cacache/content-v2/sha512/a1/66/f567a9a41c8b242f3109fd7597d2cae4a644d0eef6a8a4c424c9a108a2ad1f9ad155c4eb616fc702c5e4fea77ca74dd924fd16706e01b86eb47905e5840b
14 notice 141.8kB _cacache/content-v2/sha512/a2/d6/66e0b0f706f119f6bbcfadbe784eb509f441e367d7e8204de3c31477116f88833ac484225d93f694e0743e5cfcb33d9d5a4e03a9a03dd9e6464b567c5ace
14 notice 100.5kB _cacache/content-v2/sha512/a4/a0/6ae8a83984d69c14730580f6e962c1650c8311bb8130feda6f4d69ecd78099a02c6dec1ded99235dacbaee18c322be726ed6b86146ab10a93e98c0792e41
14 notice 6.2kB   _cacache/content-v2/sha512/a5/97/bffc61a6c099ddb9bed9821547cfbbe36f62e00b59bc074ec0bb7798a9eaaff5e9a1112072317c5a120914904a897bcee805b4a788662840d20192573b21
14 notice 3.2kB   _cacache/content-v2/sha512/a6/0d/5a16dfe89fa686e33def261817eb2cb3a7cd712cc91abb9408ec5416b4c00e1dbeeaca454fb01b2916f781ac08ae1b1353513068603a91e52f8e26eb8df5
14 notice 4.8kB   _cacache/content-v2/sha512/a6/ea/b58b182a468f6dd7ac8a5527b5d4075ca098a90af7cf29476aae6ed8ef2df3339a082cbb2e180fd3c98e721e6692832f212c3424d4914a018d84cce91446
14 notice 2.1kB   _cacache/content-v2/sha512/a6/fe/87f69e67f36c545f5d5e3dbee0c9684ce5e222d38d8748273c593f2731ebaf900a8d63fd95b15dd247f549289c5c5cf35ee1fef66ea0a455e2e0050f0427
14 notice 6.3kB   _cacache/content-v2/sha512/aa/76/7ded0ef37c9b10a118467862d02f6e6658c2661a328913f0fd1e37aad38f864f65fcec227c83eeff13d353720d030872c2eaec46ce0710ec25bc3e523938
14 notice 3.4kB   _cacache/content-v2/sha512/aa/9a/3d81a7542bedd1897ccff7b1beb1a651b95dc13fa882f28ea00e8a1c859b64e40bdde759c9f0198cca4f9dc84431bd9d6342bd4be02b954b2f20296c2500
14 notice 14.0kB  _cacache/content-v2/sha512/ab/1a/fadf46211dbc20db5558d8c01f7bdd97d38d4465cec005e9ab483a15a2e31c6e66b06cfcf3d987792ad27bea5cd733cc5f2705dcc8d7a9dee4661252cc50
14 notice 3.9kB   _cacache/content-v2/sha512/ad/05/b60e684b141c415dd3b3b5d4ab36dd61bce30d3235956c8c342b044676c5813467e44df9d04eb175a0e0931a6106ba654ad356037e81a8fbebc8cdf97947
14 notice 2.1kB   _cacache/content-v2/sha512/ae/fb/63b46993ca9d19c4c4cb2b85932243f1158f0ee40f9a31f08c41d28ab495ae3b49f8f61896acd0c5eaa4754a72b5670db4d55d95defeb3dbebaebfc6fcd8
14 notice 962B    _cacache/content-v2/sha512/af/0b/e3c7fa0ee66228abdf0a47ec5dbe01b2b031bf6415c9e0ca5d0421bc352b40fd4f63286225aaabc6d50c1a2e6650c43c798567e4dd96633da230f0967578
14 notice 2.5kB   _cacache/content-v2/sha512/af/6d/9013310bf63f72c5c6f7bddd82eb3bfea6f540aa9dede0eefd19a258ceda9a653929d5c5a84e8c90859fc1640f0f8ca23418e2843cb29d4968c18a015b36
14 notice 12.4kB  _cacache/content-v2/sha512/b0/29/93c510695c913747cdd528556487c59d83d1302282add95417f43fb265df62032048fdba72005fe1bb879b9abaae4346c5cdee01c642618a6749da0a80fb
14 notice 6.2kB   _cacache/content-v2/sha512/b1/66/656c43f63ac1cd917acc97919893f8ca93bd0c06783a514e1823fa860d86e07fa61b3f812f9aa2126d70a826244ab3ed5b4a9147560431bc9d7b176962e6
14 notice 5.6kB   _cacache/content-v2/sha512/b1/66/8a6f685260c7deca04c8c3099c00414ab242bd1ad09cc8d620a74a0ca6bb7e924eb3575936a4454075eb8b2283c916275e318e8b98cbe649c95606230e6e
14 notice 8.3kB   _cacache/content-v2/sha512/b1/68/77f755a8416300e98af07b4fa376f830aa31c94aa914ce565088c8a757149d89c56d5beeccfc0cd73af17fbd9dfb6e516ed243ff18ec7a952fce0bb7b626
14 notice 390.1kB _cacache/content-v2/sha512/b2/30/ae3a5bc6c82252e3447c06c705e6f8559508cd374ebd36d435812c722b5bbd8aabe7ead7fb3b547818da305597e2654091b7932632cd7177ee15ffb62bd2
14 notice 15.6kB  _cacache/content-v2/sha512/b6/e5/3bfb39b4a530b29ca607a5da9a3e97be30c4d0efa23d4cf67b8b8ff9759b22804df9d2c85059ee4464d97974189d338f533c44fbe6d36a45b72c51959e34
14 notice 130.7kB _cacache/content-v2/sha512/b6/f7/70d22aefc35bf33ed30a5cc73d8dc3b90bea4b612474bdaa9e3893e5ab868b6e02ada9e885a42f3204ed2d0c0e6fa1bd50cf3c4059d7e89eb45e2fc0b9f1
14 notice 5.6kB   _cacache/content-v2/sha512/b7/d7/7b1d7eceeb3a1c412eacbadf1c704b63eb0fb671d301ddffd9206f20f6b2bc0a5bd142dd0e95e4ad170199a4f90cea69b5cc3ab93e15acdd3d5d72b4fbdf
14 notice 8.2kB   _cacache/content-v2/sha512/b8/e4/c5c1abdfd97dd608e920fb126178ac4ad36a4b6f3f1e1b7d5ea0041dbba9e99dc90d2dec44a7038cd17c87bd86eff847ffbd93584fc93a50df3b3e5f8223
14 notice 2.6kB   _cacache/content-v2/sha512/b8/f4/17dbdc5668bb8f16316700324b322008b926df4b5a1182cc833ab36b974d69024fd29d909798dc38cda00bf19b362b75eb771673569163dec88a5516952e
14 notice 238.5kB _cacache/content-v2/sha512/b9/32/573597d6add6bea7bb0cbb86074f57a0681388b282b28e0458ad48a619441cadfe3cf33bfdadc76aabaea350448eb2628650bf285dfda924d8c53f0d8e80
14 notice 10.6kB  _cacache/content-v2/sha512/b9/3a/03dbb5478461f575d409bb16445c4f008830df51e2bdee24c3998fe6fbe9ae9ef57d98433b08d73c662b8856fce31e1ab1f9f5a399e35ee6b4d1b33b6f8c
14 notice 3.7kB   _cacache/content-v2/sha512/b9/57/8f009a8994632633762d0ac732c3ebe25261e64303f32b69cd7719613f45b8d9771ae90390966274e54a2ada34e67fd20cd7fd682d4632f24fb1610ab478
14 notice 80.2kB  _cacache/content-v2/sha512/bc/39/5ab85b05b8c29874f65fb6ebe841fdb95e78e1493de3a371f9128720a4d10b7f97c44064b84ff3304354e098b313f4dff937912a0a1ab7219e9c7bb50e93
14 notice 437.3kB _cacache/content-v2/sha512/bc/e8/a01275ac522f4805f36146a55f456f957b85cd01bf91cd6598ab96dd3d27835791df6cb2a2c199d1bca16b219b06a8ecd42780e24d19d3043d89450a1a73
14 notice 2.0kB   _cacache/content-v2/sha512/bd/a7/dcbfa2a3559292833d3aa0cfc7e860c1ac0b73f2f76141a9068c522f36b1c0eb2dc7085d422272f2f902eaf1d4c93d0d5bf8a0d4a8315cb647515b8e1ed7
14 notice 2.6kB   _cacache/content-v2/sha512/c0/1f/1e03261e4e3c98680aa40429c4df3074b37d878ef6349640727cc05044833ead1681f0f679ee2986e702b67486b66980d44bd03615bc21320292646fd074
14 notice 539B    _cacache/content-v2/sha512/c1/cb/b4ea6686422f2eb5883e335b24a3946831814fe4456180944986a687fecb02110333560f578bc720bb43e4eca049668c50b18cebd92f3b43f337a8c8f61a
14 notice 106.3kB _cacache/content-v2/sha512/c2/ad/9313c20d3f7486a7e73dc5126150a0467600618bbe7e0c594b16fe1a739625541dba5177d5355c2caa85c69784fea9bd9fce1f1136450982b774bb2abc4c
14 notice 181.7kB _cacache/content-v2/sha512/c5/79/51448e33f3a17a1b86c750d8553ad54a9334a1c61fe0f743680b8302a975807396fad8323433ba7810d5092635324bbf842b364a78d82d8f2e3c6a7074bc
14 notice 57.1kB  _cacache/content-v2/sha512/c6/cf/a7d7325096d77bb70871e79af039ad3ebfe5b5a92bdffaa0d218705558a39458cee09fea63b7f50313e1684288e990f7ad4264fc5467420c89b04e2f92b9
14 notice 55.3kB  _cacache/content-v2/sha512/c8/56/dc77952dcdb5de71f4748316e2865fa4377c9f2fe048995125892b631f882239d81ca876faff5daff80258b94e95a65300dbaa7709f9fac7bc7d6f315012
14 notice 5.9kB   _cacache/content-v2/sha512/c8/99/b0a307517455a13056f7e76e9335ec9b5c7760ff07bea6c7bfa1596dd101a1b93684a17ce87d754989b821c6c4b93213099ee1b6f556facf0fa28e6ad270
14 notice 2.8kB   _cacache/content-v2/sha512/ca/41/6adb398118e09ba485eda156f3e12298e50ae258f877023c94e06ef84586edb79c8e73939f698ef97ed8e0ee68a430e95ad424c6a57de52dbb8987c0d3ad
14 notice 1.2kB   _cacache/content-v2/sha512/ca/e9/15b7738e7d8023ab4d4d3478608a6846db004bc8c5a9ac3ad4411fea1f6dd2b537e7e155dc72bf81e295b56e7db8c5fd0ad450afa947e3f9f04e29cd2420
14 notice 2.4kB   _cacache/content-v2/sha512/cd/4c/f9243fad82ab6e0e3321c08839b85555dddb6a67dc902656557eae08d35fcae4f6a3e541e3ed5cab40e26fcdac125652a939b0296df0f411deb225cfb57a
14 notice 3.8kB   _cacache/content-v2/sha512/cd/db/bc5cc3440dea4a291f9760e5c054fb56ba2d25cb436da2152c730f9499a1e20164fc86b575aebfff1fa57ed03bc9dce435f52f7bf4cd2568b7d7f2b9bcd9
14 notice 108.9kB _cacache/content-v2/sha512/ce/a8/a8a26b93fcab1014465c493a7157b34b092f0c36af927ae1c7bf94c69afa4a42c041010efbaf6d06812f1a6f10c19dfcd3c69e3878177cc8255480f129af
14 notice 2.2kB   _cacache/content-v2/sha512/cf/29/a6e7ebbeb02b125b20fda8d69e8d5dc316f84229c94a762cd868952e1c0f3744b8dbee74ae1a775d0871afd2193e298ec130096c59e2b851e83a115e9742
14 notice 2.3kB   _cacache/content-v2/sha512/d0/25/9c08409d315736470dd4e70f598ea5fa81aeae6e4d710d52b1b4140f2bbc22b3fd05dabf53ea4e3274662179c97b614071055c612f9a22b0fb0dc403deda
14 notice 66.8kB  _cacache/content-v2/sha512/d2/14/d8a00d8623f0191858ef692c8b2d1dfdf9ced2cf17cd67388bf97cdfa1d9c4e9b798b9e9880019058230f0556e0e171c5a229ad595ee3177a61e7e416ff6
14 notice 55.1kB  _cacache/content-v2/sha512/d2/1f/a3e1ce0ed6b1b697746e883cd47c798b73f9496aa2c71b8019db92177565f25bd3b0dcefcce1cec885b02527ca099c2efa7d1a7f46f06010566911e050b5
14 notice 293B    _cacache/content-v2/sha512/d2/8c/ae7da152f05de807585c59aaf7fd9c33a0f9f8b9985a53788a57be1cf63dc7e9b95aadfd66037b2c78defa6ce2708d3f080f37812ea0ec568f0658463abc
14 notice 1.6kB   _cacache/content-v2/sha512/d2/cb/6aacc641eefc6c4537bffd7129afa03df9f4e12f6cbf83aab30c6e5980c270b8e71ea8e0437e1fa0f7db6e37f5d2e7c579d9a3cd4df5954b8f57be1f38db
14 notice 2.7kB   _cacache/content-v2/sha512/d5/aa/5e3df5ccd54392ab0d28f48885028bd5cfd3394b50e0fb84eb0f07cc7b043aa7fae632e79beed5998d0d6bc782e8cb502b060828a86a5faaa748e2ba2776
14 notice 21.9kB  _cacache/content-v2/sha512/d8/4e/4404fe03f2420ea1a1bf1b81306ae999be4145647f09de318e3b4f589abd97af41740a8d8eca13574c504ccb3d77e9f55269c31cbcc80c7c3ac85481ccf5
14 notice 2.9kB   _cacache/content-v2/sha512/d8/80/ce95d0cf099814c63057c04177743cc68e101918bd68163718fcccd9e7ac2a53246348afeb7a4ea33279924309b3346e9a3cc05eaa4bcadd0217c629e390
14 notice 98.7kB  _cacache/content-v2/sha512/d8/a9/a8797b4c25eb976d81bc4cf701973e4d9f66895761cd14d29f79afd2399ccc55dd8c2400d5c442d553e6995c0d03b0b8d99aced09f0a5e272a8c31514190
14 notice 6.5kB   _cacache/content-v2/sha512/da/e5/2a6b3b8a95369223f742f00ce2714724efe22b11a3a737f7b48dddd7b6dd4a706a70c77d2fe7498bee83f2aff87d6cbdc4e1a65c715c29c0ffb95bd56392
14 notice 1.6kB   _cacache/content-v2/sha512/dc/4c/3c02de56fc71c82147bf29993e1414516f6d0ab603f537573f0673255e4e8b364aab166508505df9185fdebf335d8ff43ade2589a649a7fdce6a48ca6546
14 notice 7.1kB   _cacache/content-v2/sha512/dd/3c/cf13facda4b58444806c381fcbaa5eb670c1f330e0b77f8a91e8471ff71b62a6939be891ad2f9c13f42434610ea3ecab89f40ffd6147f98aa5911dc3bdbb
14 notice 2.2kB   _cacache/content-v2/sha512/dd/aa/6471835ec1419b4e3aec90888546c092915378ebd5187dd5dd313cd30f2df10d1adfdd3d8747a734c8f8ff4ed84cc0e62f34238672628954ee6a5a66c941
14 notice 393.6kB _cacache/content-v2/sha512/de/0f/2561e7eb451cef19e4a8c1d24a00aca4b3ca14a4b11dfc3c8f57878c85596127468d699a88acd5083ee1165930283eac8591f1ab33aecc0baf5b6aa9fabc
14 notice 15.4kB  _cacache/content-v2/sha512/de/56/ec3517ff8fe03842e4997c3440ec74527d6af33b4623a9325de648c0ab7ed97a9d421206989ab1fd4371b03e207d707c9dd58d54c208068491a8c62a5bce
14 notice 2.4MB   _cacache/content-v2/sha512/e0/24/424c47cdd3c573cd628aeae62f53446998fabb13a3af604bc8634ca66313d38c70b6ee4fc89af31b43daa8c271339ec673c12e3fd94db6d1cd1cd605fc2b
14 notice 10.9kB  _cacache/content-v2/sha512/e0/3d/c1e967f8d4a39844576cce60ea3021aae5557fb8c001dbbdc920b98efb78c0961f17e2a0ed76d8024777f1b5b2c43334b1db641d8670dc26fbb6bb57d5c2
14 notice 22.0kB  _cacache/content-v2/sha512/e1/d6/f3233aaf8ed822339af0d64e6b107b4100d2a676e7611b20446a3374d5f13285a00886ca0a372eb2efe20df7721fa45b7063d8aa8bb903fb1c0a850b0d24
14 notice 168.8kB _cacache/content-v2/sha512/e2/b8/d0b137da7fd7223d6ff35550fedff2d181bdae7bb73404773394cb1490a729f89b2c61f80fee31b230556b688807525019d68523fe3868fdbdb72a99795c
14 notice 2.8kB   _cacache/content-v2/sha512/e4/2a/93be0bfe9cb9d4a908479e8c8832291870059f22b467712c5e9af07b39ac08ee2e0039406872792052f408e65c81b1f9fdcba8945bb52fed7b2f767b334a
14 notice 8.0kB   _cacache/content-v2/sha512/e4/b9/04e792eba66af935b46fbdc9ff626e5eac0e223533530e29af8f1d863c64ba59b17e205a4583e769d3be4726a237aa4a11f72fd39bb97e20eda683ad6e6d
14 notice 9.9kB   _cacache/content-v2/sha512/e5/a6/5c893514d0f01b932dd73f93afc0f7d515f7794695c28a19882c06652648d16a0062572bdd9636560e103bed8f51915db561e92707e54966d8f6d1877903
14 notice 2.7kB   _cacache/content-v2/sha512/e6/06/a22fbe2e99cea7adc70564143851b818352060a033312da7038adc835c05ab5a82156e7eedea1f963b67b4c389c6585e356c05acbe72bd727d91a3df52ae
14 notice 5.3kB   _cacache/content-v2/sha512/e6/16/1d024665706f2d38bba35434e0093fae3d7d159e9007dbc816b0b7f3a57626ef03fa9a9e50fe063247b610d1c29525c5c99e5de3da4a416a7d773ed41feb
14 notice 358.6kB _cacache/content-v2/sha512/e6/61/9a0654b51302f1505c071d7d90f333994a255f0548ce7e8951f9934ac2eed1877bbe1a1c0760ec85920647861a1004135dc95076f0ee96f8ca4c8a68426c
14 notice 8.0kB   _cacache/content-v2/sha512/e7/30/82258f476bf71dc9d2902432159436640dfb2f179c1712c7348af1eee27071c1dbcb1f66a65743cfaeb97f4a05f42935674fb529c22b3a80291818347049
14 notice 307.6kB _cacache/content-v2/sha512/e9/1e/0e54154db504e571b5eee9227c10d477e4cdbf09d5addc99afe7b8ce50cfb5a238859a3546bd93c7f037c7a4c0d203e213b3e116e55eaab61003c5ec9839
14 notice 13.8kB  _cacache/content-v2/sha512/ea/0e/d48b802bbab9a9d806bfc845d1441891ca298d6523d5bf1d7c478a15e8574819f562b923388a2cc5e2b2eecece282e5ce8c3dda36306b116d56cca3e3496
14 notice 8.3kB   _cacache/content-v2/sha512/eb/ac/ff5b76e3abcc0d15f29ec9cc131dcb33f56d9f206db63dcbb72b2b71315fd0e52e4df4e0517dd279dc0445b71765f590d03f18a6c4c628ae5a2759de5cea
14 notice 282.2kB _cacache/content-v2/sha512/ec/60/93f7f8eadd906817478f2fb5ae3fe0a9463783d7f7aecf9518e361e4dc85f1edc8582ea86b518b85c6d4bec8f539904e5934a53e119dd819ef50128f550a
14 notice 5.2kB   _cacache/content-v2/sha512/ec/80/d341322edb1cd7913fba9a596e89d9d6a3e072a676d2a0455540219fcea9e5e4893c7777b5778c3271bf118fdb565be677f6e3d6b1d96abaa8aa3c277fa4
14 notice 8.6kB   _cacache/content-v2/sha512/ee/18/88d5521f91a978e8103a8243697f1748f123279d208f2838553da3613c17d0ff4017e867775fbbb962b3849edb5943ddb689f00a6f1691dfa0eda2ff7ba5
14 notice 10.9MB  _cacache/content-v2/sha512/ee/22/60f2d13b3333ccd4c424b2331a9a761ff8ded8abcc56ce1f065bc4a927ab679a352a973cda38dde82ab32626b78601f104bc4c7ba95f0d00687eda357655
14 notice 3.2kB   _cacache/content-v2/sha512/ee/b1/4ba6b70b51b35be7e8a613197f715ce58e8d30c04fffd34639e75bd60feb171f3443d9e6029fe6fd357a0a846b96a2b89c91c2370d938fd89193662d93f4
14 notice 10.3kB  _cacache/content-v2/sha512/f0/09/c8573b833d4a62f854011dd0844b55ec5901b55490d0960c5d44abec33d4c91f660367cf0e48a61707255316b91f33ab364c10743e691e39cda20908d245
14 notice 20.1kB  _cacache/content-v2/sha512/f0/93/0b1749aab521474a29c88455ce298c83b9032e75a1b31c20a378a2664549aa0472e062805981ec9b9bbc36456022632721f98ac6ad5deefc2dc1fbb5d8a4
14 notice 5.9kB   _cacache/content-v2/sha512/f0/e0/e6636924450097aeda49e50c8362a825432aa9e4baac167dc99e1e0dd223f7d5d23bb3a1d29574198ba09d0a9a698e344a6007a20d28494c143c339b7220
14 notice 2.5kB   _cacache/content-v2/sha512/f1/00/efd2c3fd4d0e08506c3b765abd42dce809cff9bcc6dd2052aca9852ca5b8f2613a9d601e9bf1aa45be19644308dcc241403d35175c2ae243b8315fda6c55
14 notice 1.1kB   _cacache/content-v2/sha512/f1/a3/270e083599ef97eecb33be17e0c9300555a35cb38f6030093d9aead050bb535afd093778e6c00aafadf3147d7cadea14576bf8eeca2c228b4ffb493f14b7
14 notice 5.2kB   _cacache/content-v2/sha512/f5/51/a3accb06d6f78fc5c4b0790b0ddb4298fdce3337487d7cb8ea01bc1b3df6a1337b7e34bf8cf470bcc5e5c6d88f295f93686a64c636ea26114148edf7148c
14 notice 39.1kB  _cacache/content-v2/sha512/f7/d9/878c78594b2db8ce5df034a255d720dd9b7f73052a578a9a93f3e5bc1eb3c6819093905ac316d1de85d6e7eced17bc37805410177f2a7dc2d6092963eb92
14 notice 95.4kB  _cacache/content-v2/sha512/fa/10/12eca6202d7a27b4387fbea7dfb3bc08070d1c79bf52c7ccb065084eb224067123b9cc89c686db56394610625bd5ff260c24e69c435dbd5ecde63f7fa865
14 notice 6.4kB   _cacache/content-v2/sha512/fa/eb/6b52038b57d54f71f6ed00b62c07b7245ce5d3735053391c6d77e3b76afaa1171a7f634cf1bd1b18c978393a6b4dcacc4b109f9ec46cf8874ff53fbee5e1
14 notice 18.1kB  _cacache/content-v2/sha512/fb/99/ede400278aab029eed9c11041da73080877de4571f27d15a0589d2a907575554b00dfc5f9b8153aa389a8e9c49eb869db6d9c941e69def5250fed500277e
14 notice 7.6kB   _cacache/content-v2/sha512/fc/e1/decce024203a371836ee2820706e324173a6637c32cc0971edf242a7d3fb3ed7b2533ddc9e2fb6851355d297137a8f90409066fb7e2ba42287559b9fecb5
14 notice 5.9kB   _cacache/content-v2/sha512/ff/00/dbebc4b5c35cdd90b5444295f14c9795e1e8ed613284f443e95e3e9bfd2ecf829afe150cde7cc08bb3fe5304ad548d6a1c7d8099922fae05e7fbfa812547
14 notice 3.7kB   _cacache/content-v2/sha512/ff/a2/aa5fe19551da8fb8f3ddd8bc430f1cd7e8201b8c97a100038a94da6aa94a40a8f33a1de2fc7fea376be26cc868e7da5bf4598f14b1381426353d3a4e7934
14 notice 1.6kB   _cacache/index-v5/00/9c/42623d570a5aa783be8ddbe6f2dba7194a935d59b8c1deee394316ffdc33
14 notice 1.6kB   _cacache/index-v5/01/a0/82206a668a8b469ddf2cf66f56451c9e05cf659f8ab955db92487c42e761
14 notice 1.5kB   _cacache/index-v5/02/03/e00c049b96613622dc4a3ee1295134c76952a06c1aa73c42bb8d63d710e6
14 notice 1.5kB   _cacache/index-v5/02/37/ba7d7e0800d34f18f802a2979b33a61c23ff83d6f4f485a88c2e5cee3e7b
14 notice 3.3kB   _cacache/index-v5/02/3c/a79d840661c0cb5afc766a10a0c2b00cd4ac1acf1e62525571c3b9b7a9db
14 notice 1.0kB   _cacache/index-v5/02/69/7d88d4e58d61f809c66638212ceeb8d6b09b61ec525cf6e881e52fbfb59e
14 notice 1.6kB   _cacache/index-v5/03/6b/e4e5e3f503f87100d33976631dbf98af03b171de1f80dd3cf7cd04f2e01c
14 notice 1.5kB   _cacache/index-v5/06/57/b0075d555ed7d91dcd065ecba24d2a432ae306ec625fde2eec1ed4c35661
14 notice 1.1kB   _cacache/index-v5/07/1b/89a5712eee320f9664ba1fe06822546418b8ef6dc0942a96066557a7efdf
14 notice 1.5kB   _cacache/index-v5/07/db/85b7fcc2cca1d2fbed7bb161859208611e9eab2342c138bc5b07075ee8c6
14 notice 806B    _cacache/index-v5/08/97/8d51650d6522d0922d4dca4968f1fa1c42b218f74aeb8a2af25bcf9ff98d
14 notice 1.5kB   _cacache/index-v5/08/b5/4b78a1ebd27e10f9fec5fdb0219a41f3f79937367a86d453df5f0d079bc7
14 notice 2.0kB   _cacache/index-v5/08/dc/68f0597760d62653d944e3f6da5acaa98f87dc7b35a6218a0e8493fe3d6b
14 notice 783B    _cacache/index-v5/0a/27/4a56a8c5e1c2b024518019dc11a9ed2d079091c2ccedc8bfda15b53326ea
14 notice 1.1kB   _cacache/index-v5/0a/62/9df2fe93903aae33ed699bd2d4ffcaa28be9a921e879a80c714f9056792e
14 notice 845B    _cacache/index-v5/0a/8d/fd83f194cd1e50ab95679c9b3faab59432805968b4e69b6f71d8c6f727b5
14 notice 860B    _cacache/index-v5/0a/b4/b98e1fed4b8dbd39bbfd8a703f06b6fe11c6e8439dcbb142cfde08491229
14 notice 1.0kB   _cacache/index-v5/0a/d4/a5a6227e7924a4bd4a4c7925bf7b0e5608e07cd19bd8820b204adf4a7ad8
14 notice 1.5kB   _cacache/index-v5/0b/2c/d0a8c4ef120d6f4a1fc3347ffbba982d2527df7224f25b31dd3d003c3e61
14 notice 968B    _cacache/index-v5/0b/d8/8593a1c9eda5ab0f8b8694a870397ca5a97e1c1ec20b5d0d82f28a9972e4
14 notice 936B    _cacache/index-v5/0b/d8/d47d2c4a0b40074c6a82d7ec7a0d3ed09923eb964505e2e596394b866878
14 notice 885B    _cacache/index-v5/0c/07/ba09e5cbea02069d6fc80814eca98c9ef14b785b54378abf33641eef8753
14 notice 1.6kB   _cacache/index-v5/0c/2b/039c44ccf2b2dd24ace416f55e5683d639aabbce2dc51fc5efef6dd6dce6
14 notice 1.0kB   _cacache/index-v5/0c/6e/1b57fa2c400ae0176683235ee3685bcc4c42f3def62180e77471eb79fca4
14 notice 858B    _cacache/index-v5/0d/31/cf76f60fbc313a8149350a85c51b71f268c3dd3e83c08859dcfb4e618aa2
14 notice 1.0kB   _cacache/index-v5/0f/13/7662f8f750b19d500b3db224bf1843702f36c9d7e3f56438328aaa0957ab
14 notice 1.6kB   _cacache/index-v5/0f/aa/a3b8aa9f907862ff189ad5ef5c21d656d1b896e4e759d200cc8c95139fe6
14 notice 1.5kB   _cacache/index-v5/0f/b5/b9fa7e48879be3db5cc8db82f1486d7cd1dbcb77a6e609d90e9d5b587c5f
14 notice 1.1kB   _cacache/index-v5/11/1a/cd5a434aa4bcbbe918a62e1a408c2ec74de10c678b83b51539a80edc75e8
14 notice 1.5kB   _cacache/index-v5/11/92/08c5698017263e49ef445027152ebc9f4513d19606ec0cd8607e37ffc7ae
14 notice 1.1kB   _cacache/index-v5/11/a1/91c8bb6cd9b9313d19d71464351e821f9effed902623b08e0183d8960a28
14 notice 1.1kB   _cacache/index-v5/11/b8/5b0b8f26aa00c101a7d03d376f22c685a68c1523bbd05ece0db0160a9069
14 notice 837B    _cacache/index-v5/12/17/14539a23b93e81285e7af164e6058640202a7afb26173191b8e23cdf711c
14 notice 1.0kB   _cacache/index-v5/12/dd/29c9bfcb1b3095142e0ac40cd0c1dba1148d75f29506ed9a4d738faa519d
14 notice 1.5kB   _cacache/index-v5/13/6e/b4ca1ba87dbb3c359431df58092641790c966c1071e76afa5b833c4a0965
14 notice 1.5kB   _cacache/index-v5/13/90/395c50daff7fff5cf52ca410339a414d20c5c760d17fcbd5d59171729eb1
14 notice 1.5kB   _cacache/index-v5/14/bf/f264a740fc00d3bf00530903447abfe9989849ec53b73b32117461ff893c
14 notice 3.0kB   _cacache/index-v5/15/79/7c46ad896ecec190fdcaaf0da9253c36bcc77b17fe140450c664ab050f6c
14 notice 949B    _cacache/index-v5/15/b0/422d6e39489f16bb2832260007b2fcd90c91a9437284c02880459309f120
14 notice 1.5kB   _cacache/index-v5/15/b3/76212efe3a8d8e454d3546ace550d579748b3b25d6ba9414f1ae77879172
14 notice 1.6kB   _cacache/index-v5/15/c4/519bb11dcaf26744bdd51839d16485a34688749a4dc5f8ca0834784e1630
14 notice 3.4kB   _cacache/index-v5/15/f3/27ab02f0df919ff2309f1b68a134c8fcf593ac197d090528e86d9b6d0329
14 notice 10.5kB  _cacache/index-v5/17/17/11e97cebf0997a3e76e719ba4bc3fbbb575a9f010b27a71d84295cefab9b
14 notice 1.5kB   _cacache/index-v5/17/17/c3a12b36a3919164002c360577066c0159fdd3df272cdd44e64e1dd0f02f
14 notice 1.6kB   _cacache/index-v5/17/43/a08285b418eeef693dfa6347dd9d489bb89c34746322029c4e7a3c682b5f
14 notice 869B    _cacache/index-v5/18/10/45d988fc79125c5dd6587d3d8d998e0994ec03e205e16298f13352585667
14 notice 1.6kB   _cacache/index-v5/18/12/1f71fed1f24c80637bb101ffbff35d713e5254e236c9b01f80897742e7b6
14 notice 2.7kB   _cacache/index-v5/18/d1/22adb9d5a7dd8d30d21cfc6acf6b60d6a1e3f887b757a98bdba950fe044f
14 notice 1.5kB   _cacache/index-v5/18/ea/7c8bcd374d00e205fa8d2fbb97316cd2a5037319ec64f218f544a81a0310
14 notice 1.6kB   _cacache/index-v5/19/4d/96dbe87ee3b7ffd185038316768e33ecad39d2ad4cb7acd0f3e7b75cd335
14 notice 1.6kB   _cacache/index-v5/19/fa/a02d7d95ef729605ddf04bbd714bca795412bcd0177d51cbfd5b5889ce02
14 notice 847B    _cacache/index-v5/1a/9a/3158a68a9b0b75e8c3b002b53f1cadfd5946f1126351e66208816d674e2c
14 notice 1.6kB   _cacache/index-v5/1a/e7/84813a6dfc94d75982199328d23d92c327fd335344ae10c42de7b50febdb
14 notice 793B    _cacache/index-v5/1a/f2/dd3ad81b7f4445a985ef00289c57c3bc1682695c29d5d925f7daf80c769c
14 notice 1.6kB   _cacache/index-v5/1b/14/59bdcfde0336ef81bdcaee97ba9ca8f0f8049cd3eac4d4d3eed67c0b7acd
14 notice 1.0kB   _cacache/index-v5/1c/26/7d74e78cb51f0180888ef9e8b38894b6761ac961f7aeac9fe4eb503ff8f5
14 notice 1.6kB   _cacache/index-v5/1c/58/8cfa6ce389bd0bc5632d2d71420ae1bdaeac565ac21635d00ee7840f1994
14 notice 1.5kB   _cacache/index-v5/1c/ac/447dfc68cd975e32dccea963a424545062d92e875c04768a447fa4a3f85e
14 notice 1.5kB   _cacache/index-v5/1c/bb/d33f58f80f828bc1d0fec7b3da245ab4f4b8fa6696a039f8198f0657586e
14 notice 1.5kB   _cacache/index-v5/1d/0f/4b433cb09c3c51be365ce7ba0c994c342f0baeccf16bf86841b1fa2aa7ec
14 notice 3.4kB   _cacache/index-v5/1d/cc/7107c41db374d4bc05df1cfbb3a29d6000c3bf86aba5518d17044bbf7417
14 notice 1.6kB   _cacache/index-v5/1d/e9/04d79c13c7e48f9c0ac08db69732f22c5efc8c7924dc92826617a17fbeeb
14 notice 1.5kB   _cacache/index-v5/1d/f8/073b648fedb23c514106be306cdada600ff59356eca74f1cc165530ed3dc
14 notice 1.1kB   _cacache/index-v5/1f/4e/9d7583a30e6ca1160fa6cdc4eca0c83f056a37c7c3f1c29b89881e13a034
14 notice 1.4kB   _cacache/index-v5/1f/c0/6080b6f82afc0b5a365b1fa59c7c2ce08fadf684333d1c02860b61998a18
14 notice 1.5kB   _cacache/index-v5/20/4e/4565a6e1d314faf5dc858181e0861690273c943c62d81f34165e46490e7a
14 notice 1.5kB   _cacache/index-v5/23/5e/0404c2ee9461e6e15520b53a866681abbcc4499f6cb500adea9fe1b8b8c7
14 notice 4.8kB   _cacache/index-v5/23/e1/b6ca9eb00d61956f9bb00eca36a03e2408e0a02e9af443f8550856d7d771
14 notice 984B    _cacache/index-v5/24/8a/4e047c6e0094300cd2b5614fc849ee1f861d454c21dd509fd430a0d3a34f
14 notice 1.5kB   _cacache/index-v5/24/a7/06b87f66e07e842b7b48183d15269713ee28e97520f53cb74c9bebf35d13
14 notice 1.5kB   _cacache/index-v5/25/84/2a87aada6e699f2c29ab380f2646d9b86169179b2c25e69c2df611d56721
14 notice 1.5kB   _cacache/index-v5/27/09/c213c532abc42c88110d68a6fe5f35e2175115d17c215708485402b22b24
14 notice 1.6kB   _cacache/index-v5/27/b5/6a431e64c067a0e488d87f7927e657dd76252da10a147090c34c3a106991
14 notice 1.6kB   _cacache/index-v5/28/73/0563c80a42a6a94303efef51cab0b02cf162a09cf78965bacc73c7103ba3
14 notice 1.7kB   _cacache/index-v5/29/3a/04a95b5d50e06afedd479548b59ca5f2dab11a120bc96a3248735b547491
14 notice 1.1kB   _cacache/index-v5/29/50/2703e2df941b0ada9c9b4e3cdf11d1605edbbf1692d6ea0f262f4551013a
14 notice 1.6kB   _cacache/index-v5/29/6b/0bd4c31acd6810cddca0adc2d3495bc2c710a50a82e927a4eaf8e1a08b8f
14 notice 1.0kB   _cacache/index-v5/29/89/ea41d0490be6caffbfc93c99c2fa7c1dce2d3f7da4ade6effc52ef6cc258
14 notice 1.0kB   _cacache/index-v5/2a/9b/69812459e6b7d7992c132d0ab7805782a6f508732ebc98d9b093f982fff8
14 notice 1.6kB   _cacache/index-v5/2a/e1/49f04216fb8610ecfa2461d083ac50b88efb76a1e5966e5e2c9943ee2d08
14 notice 842B    _cacache/index-v5/2c/31/5092259857db2d0b4c1d6e865c7d4f028a2b1244407c4966e82b400bc296
14 notice 1.5kB   _cacache/index-v5/2c/8d/96be2ea7e4d65f8551c48b6cc70fcf0d755a25afefa6162bd61a42f39706
14 notice 1.5kB   _cacache/index-v5/2c/99/be85b397a3c479b61d10e8b1b88dada60999cd3ef19fe774534297a193fa
14 notice 950B    _cacache/index-v5/2d/56/fb780f916ad4f710e8f43ba12252ab56c86fcc63042aebc0c54ab9787630
14 notice 985B    _cacache/index-v5/2d/8c/ac74e57634ebd5f89a799abfe5098482b771e816a7166e2cbed79c302a89
14 notice 1.5kB   _cacache/index-v5/2e/43/92afd335b3a3b7e4fa8f69ab6e5a4c7e5e7905f47ff37cdd5d9c164e6e0d
14 notice 1.6kB   _cacache/index-v5/2e/81/bc1aeac0d781fe18554711afeadc06e32136dcb0dac6ce64d2c0421448a7
14 notice 1.5kB   _cacache/index-v5/2e/93/ecab5c6a502e813a791177087363ea9b9bd88b711f57a8d2fab51a6d4fd6
14 notice 1.6kB   _cacache/index-v5/30/00/49545a95840ac4ae73277a136f385b59b9b86caba5eef45bb2e4bd6a164c
14 notice 1.1kB   _cacache/index-v5/30/9c/c1ead38ad2723aff37c819b16967f7e899e6e97b2785f9e434b2356b1602
14 notice 1.6kB   _cacache/index-v5/30/9f/5b09dcbe5a779a9c0f74c94fef88817ed9d132f1c3fced958bf0eb2ee513
14 notice 934B    _cacache/index-v5/30/f8/8865d6f85d4dcd0b9d8d9532ca37cfa4e28a7604530fd2c2e212ddc854e8
14 notice 879B    _cacache/index-v5/31/20/9d6575278fa0bb7b353910ebc03d48865688de412e018c873bc220bf7ed6
14 notice 1.6kB   _cacache/index-v5/31/23/ba523867a2d571244980554a365646aebf528e81d227a72bf2bf66254f2a
14 notice 975B    _cacache/index-v5/31/ab/56988899c1ed1a21af96e683c3ce51c53c68b658979f4540bcfc84ce6952
14 notice 3.4kB   _cacache/index-v5/32/1d/3f6394758d674d0275629a9d9f2a1f07b29ef449146c941a626c16fa2265
14 notice 1.5kB   _cacache/index-v5/32/2a/64093ada687b6aa301f047afb707e0cefc29db4cd5ee8003e4aecdeaf2dd
14 notice 1.5kB   _cacache/index-v5/32/94/99b55458bcdf62dc1eed17a8e53971355d110250e87c2f46aded7d70663e
14 notice 1.5kB   _cacache/index-v5/32/9a/67eead52e1a1e9e8459a6573a82292c373723948e71fc026660e87c90d57
14 notice 1.5kB   _cacache/index-v5/32/f1/59e5fdd4f445841e9d1235af881f20f16283341bb2294f143dc7eb8b7770
14 notice 1.2kB   _cacache/index-v5/33/1f/26fafefa009d30af65e277050f176fa6bd371bbab3f63cb68ecc194c6048
14 notice 1.6kB   _cacache/index-v5/33/30/a0e08dcefbac9174d79180c59144dc08cd36c2adf6e93b0c8f877c9a6f0b
14 notice 1.6kB   _cacache/index-v5/33/e5/1bf89e2f3a6fdc636a8e15155474f3f072d990b5e9afdcfe9df193b45d78
14 notice 963B    _cacache/index-v5/34/2d/8e3f866e1f23a51d84aa962ab60b364e3069fdbe4615f1ef05e8ca6add67
14 notice 1.5kB   _cacache/index-v5/34/3f/55791e482a3a7fc0d8f0817aa76a8afb2370f49c491d43a20cb068684f28
14 notice 1.5kB   _cacache/index-v5/34/81/8b8ac81434b70b334ea3de467365367d14f6b57e65727510dc398fa2c783
14 notice 1.5kB   _cacache/index-v5/34/ef/d1360c224f541c4761c71296908dce5bd4fdad0147f32660fe8b30688549
14 notice 1.5kB   _cacache/index-v5/35/b2/a4e10219a77b48a23d78a76b68a0dc99fedc50891e6ae84c9bac78b95f0c
14 notice 10.8kB  _cacache/index-v5/36/7f/c9841d91d4f1fa179a19dbc1e20340582673616e918e54c8161de093ebe0
14 notice 1.2kB   _cacache/index-v5/36/c7/3f28d91cb9f58d2d08bd84bb7df553955b7add37acb3ac105967103da3cb
14 notice 1.1kB   _cacache/index-v5/37/76/20029822d602c407bea287f6bff57205dda35bfafe3683f2420091374cda
14 notice 1.1kB   _cacache/index-v5/37/ce/e306bacb92e6bb126a8b7cf45133ebb041d164a3df565b43d972f5a837c4
14 notice 1.6kB   _cacache/index-v5/37/de/4faf80a78face39e7639ed3ba10c4c0b94ac941d0e1dd1dbfe84d9e8ff94
14 notice 1.1kB   _cacache/index-v5/38/f6/b51d2c3cc48a11754fc8d5e35d9e99d810919904d9f2c90aa2ac27dee734
14 notice 1.6kB   _cacache/index-v5/39/1e/044186bd8ab07e3fe3e542dcf8d12928d815a7414422365e9599b283890c
14 notice 1.6kB   _cacache/index-v5/39/20/e25fb054b75f34aae142a379f08ac42868a1ac73c3dbc14f1acbbef1767e
14 notice 1.1kB   _cacache/index-v5/39/cd/250f4cdd8684152acefc256dc72c7500d5b163667700a4af1cb0a9338322
14 notice 796B    _cacache/index-v5/3a/12/686ca02005bb0dd8a3eaf4ad7b914b508361c36bfdb1cf3401fac112f146
14 notice 894B    _cacache/index-v5/3a/14/5e36da1ba7265a7d21a539dd3d52d4972d8597e3fbce1963da86c84ac4bb
14 notice 1.6kB   _cacache/index-v5/3a/24/a961f26e91df3b77ca1f53d093e09c0ed1e8af69e9ece362e47c24e4e325
14 notice 1.6kB   _cacache/index-v5/3b/c0/6f864bd5d89c016b600fdc9d93ef91a4802e0f28b4e9fd9e9ca1520bed9b
14 notice 1.5kB   _cacache/index-v5/3c/08/492f09113c5b4f594924a4c125e368724f5627f8c7d4af6b675d5f24b6b7
14 notice 1.6kB   _cacache/index-v5/3c/18/7e44120643ca6c1e6bc7bbca26b4812792299dc86b391ff30573b9cb91e7
14 notice 1.5kB   _cacache/index-v5/3c/52/b8a69e029a3fe84f24cb78ee73765d527ce20856364bbb13f0ef4b7edbc6
14 notice 856B    _cacache/index-v5/3c/ad/366505a29f8eabf7eaf76eefab68eb9ab238ac815f5b063389471880d3ae
14 notice 1.5kB   _cacache/index-v5/3c/d9/1cf57a06c1ddd20288f3775c206b6914f1c78d88050ed3e818c46d9b1190
14 notice 2.2kB   _cacache/index-v5/3e/0a/5f688c71b8d152b1f91a3d88f1ed8acc25c6386d9d47ef060c6d31e04c8e
14 notice 1.6kB   _cacache/index-v5/3e/1d/09339b2fa9720372e13a12771a974c1ce1725d9f671f936a99852b389307
14 notice 1.6kB   _cacache/index-v5/3e/2f/8e28af5e4c84a632ef69f4252ecf636afc89c27d3d2a94e3eb8191fb343a
14 notice 1.6kB   _cacache/index-v5/40/c7/3fef406fab24b25d3bab48c272111883ec7db8971da171c07ef21a85f1f9
14 notice 1.6kB   _cacache/index-v5/41/3f/fde96289dcd9f04997f3e3734ad7c312088c05f811e352016539513afb98
14 notice 10.6kB  _cacache/index-v5/42/a8/0b14b8a46ab7f5967309861eb2b5e833fdd3b60bfd412ec493c2b5d56f8e
14 notice 858B    _cacache/index-v5/43/f4/ece51b854754a53fe09197b6fd329eac781aa1a659ba98fb7ecb2e2d4dae
14 notice 1.2kB   _cacache/index-v5/44/92/b1646b65f0fe40e12a9b1a00f121ea0d26fa24e23f5d5344bd5797d57e60
14 notice 1.5kB   _cacache/index-v5/45/86/4b5c98dc1a837e74ad3e600f2ebfca1bd637b373950b91f09054f3374074
14 notice 1.6kB   _cacache/index-v5/46/20/960243ea9916b5bac5e3e9a2d1adbf4a678b018e8e67310e704aaee78e32
14 notice 1.1kB   _cacache/index-v5/46/23/1410cf48213653e2823ef818ce44b7880aeebef5de8e6670f17f3cd79c97
14 notice 1.5kB   _cacache/index-v5/46/7d/09d9d77f4b522d4d961d21d7b222c53ef67d2a72dbd4e94520674ce63f59
14 notice 939B    _cacache/index-v5/47/34/e95cd37058485bd791a6bf82fe15a3dc885d839d07dd2ee92fbc7e3265e5
14 notice 1.7kB   _cacache/index-v5/47/62/1c97314819cba0e4b72efbb1dae01df6138eaa80ee916d944b11363ee6b9
14 notice 1.7kB   _cacache/index-v5/47/75/9064c7f3e85fae05edd7e9920c7a4431037168d4635b0716ab9ba69aeaa9
14 notice 1.6kB   _cacache/index-v5/47/c3/fd15a607f4fe0fbb1e4c24e36f8435e7ab46c7b31682796aac8eb14ce8ed
14 notice 976B    _cacache/index-v5/49/c1/ab3b2a76ff7dff3e37801f99f0277af7a6e48440bfa3bae4490304a92cb8
14 notice 1.5kB   _cacache/index-v5/4a/75/6969bd92bcd6512189e8e4b10e07d433622fc691edb6b190f1a5bba4c3b9
14 notice 1.6kB   _cacache/index-v5/4b/a2/3e484e3fa04caed4ed596ffc3617e700ef46548913550dd469f309a3c99c
14 notice 1.1kB   _cacache/index-v5/4b/b5/6fb5c54b05c226edf5c4a7cea82e90eab024c83d5686a8e118f75c9a985f
14 notice 1.0kB   _cacache/index-v5/4c/1c/f19afbda3b73bc6937dcc90609d5ec3c59af2f5aaa51bd292098e86d21f4
14 notice 898B    _cacache/index-v5/4c/23/29ccd231dd78269bdc899e2a6db1de00b1eebf2fd46b555edc4431e0bd6c
14 notice 1.5kB   _cacache/index-v5/4c/d5/57d98170bef0a3c0a99a1f2bf805e7c68887b84f226c73c54b15fa7492b0
14 notice 832B    _cacache/index-v5/4d/e8/95fe499644c64e4befedb49aab6e2a409891404a95996793bfc04d06804c
14 notice 1.5kB   _cacache/index-v5/4e/0d/a169a47b90b7390713dc1511acbedaeb1c362242810352910d9161cb051a
14 notice 1.6kB   _cacache/index-v5/4e/84/86bff09da770c83985b4a5f9e78dea0189497eaacc99a552b4bfc1da3797
14 notice 1.1kB   _cacache/index-v5/4e/c1/eb37c25d086b59f53c45dc9242933f61b1d897ec415c228e787816626d85
14 notice 1.7kB   _cacache/index-v5/4f/f9/096af1d11d91315cf374201ca2ec2764d6ff5e73681e2a1714972b303fcc
14 notice 1.6kB   _cacache/index-v5/50/66/d342e9cfd7ee80039cea8edca8b939a795f01b11b36945ef37341d9c271e
14 notice 1.5kB   _cacache/index-v5/51/3e/29b748bd519b2197995cec5c8083933bb900b2ba825a773e5b7d64a5bc3d
14 notice 1.6kB   _cacache/index-v5/51/cb/a3e3d63380ce88c27d16c2f28af9c6a31a585d8948b14b9abeb3a47b78a8
14 notice 1.6kB   _cacache/index-v5/52/bc/838e20313f4ce49b3adcfd603ad59048007677b46d33d604430c58d933c1
14 notice 15.4kB  _cacache/index-v5/52/e9/611b6df4057648910434dceb31cd782c934f5996ff3540e149956fc54b93
14 notice 10.6kB  _cacache/index-v5/53/86/0380e86220c1617e6df918e4734b903584e3b108ac915ddfc2df43f96288
14 notice 1.0kB   _cacache/index-v5/54/50/47aae45d97525a6229c4e820f06fffed757f28b932ebc60d683629ccc501
14 notice 1.2kB   _cacache/index-v5/55/fb/0092a9467a28cf97afd5492c17d658ed2353cb33bf9fc650b340922866da
14 notice 10.9kB  _cacache/index-v5/56/b1/5cc2e8b384eb97cb10bb1049d83cf34cbdd4c41cc46ea6173b0124789c11
14 notice 1.5kB   _cacache/index-v5/57/78/85dde3ff7b884173c1f96909721b3d174e156208a46a8267679f3b661d23
14 notice 975B    _cacache/index-v5/57/8d/071a56540bbc6c03a0927c60d9820a9615f1085ceff9eb614c7c908493f6
14 notice 803B    _cacache/index-v5/58/1d/2b44e5f3bd10fb51a75c346e3a65e0b434fcfbe871b2e2738ce758303711
14 notice 1.6kB   _cacache/index-v5/58/7c/37ebf5f08e2d5f041d4e2ee3102eb13b4a274871cf6e2b3d37739024ec08
14 notice 1.5kB   _cacache/index-v5/59/48/261283f5b02b39b6e129cc249d6f32acb03eea202917a79c254495f8e2bf
14 notice 1.5kB   _cacache/index-v5/59/60/916e79e96d5e933524a206300ef4e0b372adb1fe4625d0f9f333fb28c12c
14 notice 1.6kB   _cacache/index-v5/5c/56/1b1fc770f346581e11a061af08988308cdcf2e9a67937e9d0f6e47c3d3a0
14 notice 1.6kB   _cacache/index-v5/5c/c1/19e5848cec68798291d7f7a257684d2ebb25849b4d4b71adfe0626953463
14 notice 935B    _cacache/index-v5/5c/e2/9a1a3b69a30fdf5c2d1a86f46b9851ba004741283e684b33dd66e3f9bacc
14 notice 932B    _cacache/index-v5/5f/65/0028fa2e4ba386fc62e19aef4df96743a50f1c1e40aa9f5fc4c0fc0ec2bf
14 notice 850B    _cacache/index-v5/5f/9f/806619189a43b20c76e461711bc2316f4cc47b75b325d605981b96ebf955
14 notice 1.1kB   _cacache/index-v5/5f/a8/9b760cee631126dd4718f357f018105f7c403149563ce00581016a0098af
14 notice 1.5kB   _cacache/index-v5/62/b4/08531a28c296675dc28364705e247871fef003e194a0809b36af2d45f134
14 notice 935B    _cacache/index-v5/62/cb/0c010c56bde8f4a1dad4d881f43224c2ae2be38f7b9c68fd55764d383b6f
14 notice 830B    _cacache/index-v5/63/0e/1e2b6d5532f06418976aa11c07a32a0ea0e0aa26f8f348d9c5de4efb3417
14 notice 1.5kB   _cacache/index-v5/63/ef/b823b44b44bf8dbfd6c334500721133179cbf14a9abd7dee769694d3bf09
14 notice 935B    _cacache/index-v5/64/aa/6b617ff7c80bcc9f2fc890c925563f37e9de58beec58ec83d40bfc8754a4
14 notice 1.6kB   _cacache/index-v5/65/9f/a9715a187696148b6879e6014f2bf904c811fc615e1c15dd09b613a7cd62
14 notice 1.5kB   _cacache/index-v5/65/e3/39c8726329eafd8a53f4bf96ba96e80dac4e3605d78b15ef3cb4bbbab7f7
14 notice 3.4kB   _cacache/index-v5/65/f4/6db10f44f22d3b44a3d039722e52b3addcc1aea8fcde30204e41ea5f7bf8
14 notice 1.6kB   _cacache/index-v5/66/55/ba0cf045d9249549cd1d0c8890931f89347a1efaec940c0d0740b5a99677
14 notice 1.6kB   _cacache/index-v5/66/64/4a2ebc85a188a28c0cfc1b45de9e734359e2a927443bfc00ea2ae4b94230
14 notice 1.6kB   _cacache/index-v5/67/63/3deb2efb5a9aa361c4dcedb742b1060ff0c8d7b6353a985e5792b5c53dcd
14 notice 1.1kB   _cacache/index-v5/67/96/ebccf8c891e750f275cc8977e6f7b410953f6e4be695c3bc2568d5109b3a
14 notice 1.5kB   _cacache/index-v5/67/a0/2a77a53219dcf5c0a89403309faf0ed715eb321942bd8a14ea5d44353d53
14 notice 1.0kB   _cacache/index-v5/69/01/807eb1cceaf88e93b3bb05ea0c992b7263cfbd8e420ec49743c5d985f6b5
14 notice 1.2kB   _cacache/index-v5/69/07/9bff9da3827f58c15af5c8dc56ca925cd3324569618450e492cbc27d7534
14 notice 1.5kB   _cacache/index-v5/69/56/a58b906e767a71f955d89baed4e77ad1a09314987536dcdf52c33d1a378f
14 notice 1.5kB   _cacache/index-v5/69/84/fe0fafad211ee37c7c3e9a93a4fdbf4ee266a79c66c021b3a2bc4657e23c
14 notice 1.5kB   _cacache/index-v5/6a/29/a8c34937469f0eeeb91e3b42b284f61f4aec30e5c995aab0257aa6409e5a
14 notice 1.6kB   _cacache/index-v5/6b/f9/fad77f493988d874d12e3af5314c435b0950e502a285f2111560e3e13d5c
14 notice 1.5kB   _cacache/index-v5/6c/a2/07ac50fdceebd3737d9b238febc0b8ee0621529aeeab2893ecd051b939d4
14 notice 1.6kB   _cacache/index-v5/6d/8b/42e3724ab98a4640c45de3f7e955668affc872abb4c0b6cfc34df7acd2c4
14 notice 882B    _cacache/index-v5/6e/b1/c81eae2ea9279d3b437e3f28781f3b1c9ad7d4c45f048d1b0d90bcbe389f
14 notice 1.6kB   _cacache/index-v5/6f/1b/f3c3beaf8d903993d929c15f05102c6fe65909ad9637dc2cee4d042f37e4
14 notice 1.6kB   _cacache/index-v5/70/c9/ef02e74ff67316fe28ecb46179f241fd1e55b69466d6c66255920dfcf628
14 notice 1.5kB   _cacache/index-v5/70/f9/3a3a8ae4bb9e137e3b8748a4e20979cb52e791a27a33a6e0791b6e7fc29a
14 notice 1.0kB   _cacache/index-v5/72/15/ca47779d67035ca1f06297265bf547e035583ef35732b7736a4984abb991
14 notice 1.6kB   _cacache/index-v5/72/43/286dbbf73a788a60abd2abf6506d1d396418ba3afe72ee08822bafb7d35d
14 notice 4.9kB   _cacache/index-v5/72/e4/6eeb180f9f1f91942e813e0c763d92b27b55c2f3eb0bddee73504e47d00b
14 notice 1.5kB   _cacache/index-v5/72/f3/fd0ed8bd31de32cf05123b0f9eeadca7fd69dd1c81890afd582545e30133
14 notice 8.9kB   _cacache/index-v5/73/e7/0b35d9ee88ff221ec3f91cb016bf4b6198c6e31de70834b751317ff8a60c
14 notice 1.6kB   _cacache/index-v5/75/5c/c785a49e716a71666674eebbe057ab63833ea3efeed24625bc87716ffb1e
14 notice 1.1kB   _cacache/index-v5/75/81/a53962ded4784c698585ef1042ac3c2667bbcfe30ca1380f0bc8f1200828
14 notice 1.6kB   _cacache/index-v5/75/a1/d9bc44811d9178e17aadc1ec7c042c50599597e8fa5a389dbf8dd82abbc8
14 notice 841B    _cacache/index-v5/75/fb/ce0b9ba82729f441c255806c099cefecbe2d729d82106cb31ce76ae7aa0d
14 notice 1.5kB   _cacache/index-v5/76/bd/d1ecf7e304cecf7b2f9eab3100a26ad07e792b74e753a9c8c8e5c1cc12da
14 notice 1.1kB   _cacache/index-v5/77/62/87c1d0d9f145fe7b15838518b7708cdd1d4f1b4195c73d99dad650fffe8e
14 notice 1.5kB   _cacache/index-v5/77/8c/f6ff102d49555ec78c08c898023cbdbd583a50b5b6a2a06ef2bf3012d899
14 notice 1.6kB   _cacache/index-v5/78/82/96ef878f2e48945a9635b423686e6641114e4e3aba35cf254a136212c3b8
14 notice 1.5kB   _cacache/index-v5/78/c1/40230f0268c3244b7e578e524c4caa35ac284b0a5a761ac8c7515b485d8a
14 notice 1.6kB   _cacache/index-v5/79/17/443c3fa1537494b01a7c0beeb8a9154ac8af9ba7225c2f761362a0c58e7d
14 notice 1.5kB   _cacache/index-v5/7a/1f/5f54c6f9c75753d944128a114be9b3037cd37590af858eccea9851ed9caf
14 notice 5.1kB   _cacache/index-v5/7a/58/6dd5be40e193876a70d7e4621d39c243b54f554b64c97a91c66dcde53a71
14 notice 8.7kB   _cacache/index-v5/7a/7d/45c1985601429febdae820ade6b56faf4032a7d9b94cf68088bd020c571a
14 notice 1.5kB   _cacache/index-v5/7a/7f/97a19857033d211964ec9e0d502b4b9d4f28da802f73e0dfef251c977fbc
14 notice 848B    _cacache/index-v5/7b/ac/c489575ae642ddb514aa02f33a47d895cefe34fcf8af1c52c7a9581a7ecc
14 notice 1.6kB   _cacache/index-v5/7b/be/50223b753316b7f8659f5de3131090f2c5105acb16f036c83ef01c589d58
14 notice 1.6kB   _cacache/index-v5/7c/3b/9371a466347bc6f9cc8b9ff0b7426c0f1ae090dc067e2a9a76ab3a9eab89
14 notice 1.5kB   _cacache/index-v5/7c/65/2e6830930235f4df1fdb150e9d0212787525348c27ef4ba110645a6201f8
14 notice 1.5kB   _cacache/index-v5/7c/c8/cc4a246b72689edbe34647626e70bf16a8ee7db40471131e02bed4615377
14 notice 1.6kB   _cacache/index-v5/7d/c7/affd610fe15f9b8c776e60804457470ff27ed27a8a200b317b8f265ebd67
14 notice 837B    _cacache/index-v5/7d/d2/f3cf155acdf4eb6e76405d92e7f41ad8fcfc579fca1cf491043551a49ab0
14 notice 1.6kB   _cacache/index-v5/7e/1a/a9dca5cc85c1568dcf46921b65082b62041bf0f86684b23cfc9ca9c80148
14 notice 1.5kB   _cacache/index-v5/7e/fe/4e1faee73744717b0e8825fa79e7a4dbbca0ee602b2e15ce42b9f91cde47
14 notice 1.6kB   _cacache/index-v5/7f/97/59537c92fda67ca6eabc71e7f4ddbc46df2c89cb680fdceb1b7e8eeec598
14 notice 724B    _cacache/index-v5/7f/d6/bdb438dd01927efd03622e13c3ffd3f809a1254bb8e9a584b0d53999dd7f
14 notice 1.5kB   _cacache/index-v5/80/e3/8154d2e8b1acbb6f07b4ff3e9935942158c1ff7e84fa8e1827c25460f28f
14 notice 871B    _cacache/index-v5/81/6a/c30584697d18e9c317dd1004d0d9c2cff9a186609810408c4edcac363535
14 notice 1.5kB   _cacache/index-v5/81/9d/df0775f776c49f242802adf8266514e248daaa7113e080ebe09816f081c6
14 notice 1.6kB   _cacache/index-v5/81/e3/9ab331db6fd1130a2f7326cbb339cd91a4749bb8342ddd0ddbfbd225a096
14 notice 1.5kB   _cacache/index-v5/82/db/467864c202aaeba046fdf6984e91b289d09229d2a2e95898631e6f08fb35
14 notice 1.6kB   _cacache/index-v5/83/00/4e7bc4d2c902a95fd37cdc2daf74ecabb63ccfb34882b178d9e829991f4e
14 notice 1.6kB   _cacache/index-v5/83/08/52fe600c98078704a6343a07f3d33ae2128911df920b3b98f330953a38c4
14 notice 1.1kB   _cacache/index-v5/83/dd/657a9b70ef2491da1059a30958e930ac2d2cd9f1c8695ef77636001cfe70
14 notice 857B    _cacache/index-v5/84/70/37427ec7c27873065c5bde21c0e309bf1b614007f13c4bda3e116878acc7
14 notice 1.0kB   _cacache/index-v5/85/9b/d6538a3acd7c26b9e8a004caa19d057e05115bb3088f0d689312d2696a4a
14 notice 1.5kB   _cacache/index-v5/85/b8/a74612cb239ad21a196b8e17ff1e8fcf702330c2ec0624b78048c19964c5
14 notice 1.5kB   _cacache/index-v5/87/0e/7e93d9982f6246edf288ef9d610324c584684969169399993e31fd4b7630
14 notice 3.1kB   _cacache/index-v5/87/1e/680ad7546fd17957699f3b35f3da8b73e82f71720e2bfc2c2cfe7c83234a
14 notice 854B    _cacache/index-v5/87/53/cbfd7ba9024647e3f384b2a733de27e7dfb5a17ff348c9a334ab6c799276
14 notice 1.2kB   _cacache/index-v5/89/4a/7ae8333df407f1b1c5c4d929626c5b4b3d1a8df820b01cf5b601ce94cf99
14 notice 3.1kB   _cacache/index-v5/8b/a0/4315e6826120e7decae3a903c910b995f704afaadf2f77835746b2e5d945
14 notice 1.6kB   _cacache/index-v5/8d/3f/4814b854c1200e20ed576f36ab5dc9b3a4cb923c06ad3a7ff4b0769bc41c
14 notice 1.6kB   _cacache/index-v5/8e/09/8ecec8103971481ca2e797bf4e3d108ad7b66792e0b4caf9a2cd7cde50d2
14 notice 3.3kB   _cacache/index-v5/8e/0d/9ade92452146365d7e024adfb146ab3c5c7be97ee9b1995322715d73b501
14 notice 1.5kB   _cacache/index-v5/90/30/e9937c16b694ee053a3212e03ae9276807047b57c48435ef360b42e6a5c4
14 notice 1.5kB   _cacache/index-v5/90/9d/d120afd514c9e5834288ed766e5aeb5d21a16151ff1bbcea856efe0cb2ca
14 notice 1.6kB   _cacache/index-v5/91/4a/936a4bcc0a3ec4d7ecee1ed7e71dc61c4de2c89a48c1750aa75e6d7674bb
14 notice 1.5kB   _cacache/index-v5/92/72/a59b5aefea53ae4116bca0dece950358386fe15de305af8ee354551832c8
14 notice 958B    _cacache/index-v5/93/2e/829278f93ff24eda5dc33f48d522eafd252b331429d6618a2081565610d6
14 notice 2.0kB   _cacache/index-v5/93/9f/1e6f9f105710b6c576bec21d2948ecccaef686fe0f5d82c302861f858fe0
14 notice 885B    _cacache/index-v5/93/df/c181351e6120e3451516dfbd5f3733ac84b132a88e550f5a0a549d93a3b4
14 notice 853B    _cacache/index-v5/93/f7/5d0ca3695f635c11289a4daceaaa56c11d4c248982cca2c31f719e017cab
14 notice 632B    _cacache/index-v5/94/c1/22ec1abe073c3b9628556576394f31aca4f9747f3dc71be32077009815de
14 notice 1.5kB   _cacache/index-v5/95/bd/23d3c7aa9fc15ec0cc56e63250fa99052251cf79fe220a100ed721b0d225
14 notice 914B    _cacache/index-v5/95/fc/bdbe6eddff74c9f11396597066f01249ba0d35a5018cd39f53ff9245ba55
14 notice 884B    _cacache/index-v5/96/8f/69c4d22dd4200d518a84c07a77eee9c21c0c4d1c1354f5cd6b1c8b99398c
14 notice 1.0kB   _cacache/index-v5/96/90/dbe2781630bfa6432fa394a3be304bd1f212ff8a9fa9df782a2d6e401e31
14 notice 1.1kB   _cacache/index-v5/97/1f/a75a86132f4cae452615737cf96b80485f1baf497f65ac72168784070603
14 notice 849B    _cacache/index-v5/98/2a/9969a2e7e5bda23e5e31127740543773cf780fa8dae3b4a4c488e3faf184
14 notice 1.5kB   _cacache/index-v5/99/1b/feab01ed972c6629b17cd1b32ac02a652033ad0b72bdfba2d08345590173
14 notice 1.6kB   _cacache/index-v5/99/6e/e427ffe03dc09e3b410abd02f4365fb5a67640b2c30e3eee27f72bb5928b
14 notice 1.5kB   _cacache/index-v5/9a/e7/94428d149bbd0c9ff1c850b1d327cf3ccaf0b0c0e51469fb84b84e2dc561
14 notice 1.5kB   _cacache/index-v5/9b/59/6dbac6140589d52443ad00b823d8e0bb0d612385bd75ebad48f2ed77aff1
14 notice 1.5kB   _cacache/index-v5/9b/c5/299d086b40b78d050a366f06114f8b7d140112e2bf4b11001b020a49df7d
14 notice 1.5kB   _cacache/index-v5/9c/6b/98d4652a1031cd4fc3bb7dfb9e2ef0b0a3940d5bd73682883e458bd4e6bb
14 notice 1.6kB   _cacache/index-v5/9c/bc/ca771651b6bffb1e7cf6112ecae69031f90582a207620b0efb192055c42d
14 notice 1.0kB   _cacache/index-v5/9d/da/dd62a44b70909cd6561cdf5a79e65c9655f5b7833c2b014134cb425b57df
14 notice 1.5kB   _cacache/index-v5/9e/14/5e593f93ec13afdab10b0dec5e58e493cd627520d114e98837d7cb023e31
14 notice 1.0kB   _cacache/index-v5/9f/32/b149e2c0725154013fb5710e67052fe7ce0cf51da646c91036f31dbebe95
14 notice 1.6kB   _cacache/index-v5/9f/65/1987381c71b2c451b92f54fbd8abc5827a27a40fc2651f106c43fe510f77
14 notice 1.5kB   _cacache/index-v5/a0/d7/d8518e61183c16a53ce1c227a1497170511cc7bdd0dc319b8438da0a7804
14 notice 904B    _cacache/index-v5/a0/db/8d05f6d4221635e48d98782f45eaeb90a7569f5f816c31526bbf5eee23f5
14 notice 1.5kB   _cacache/index-v5/a2/53/debad5181cf09389db0a88e006d7d0433c07d151e7aaf55ee9096d3da6a5
14 notice 1.6kB   _cacache/index-v5/a3/4a/224aee98450279b896ecd836c0633037b2060e7ffcffd363e1ebe6ed2006
14 notice 1.6kB   _cacache/index-v5/a4/17/0f4eedfe705737f22334af32494f2225cd43df8033c779da1aa64d102877
14 notice 1.5kB   _cacache/index-v5/a6/08/32a4b7bb4654dcc2d48eac3be51daf471f7619a453c42f09bed51744dd17
14 notice 13.4kB  _cacache/index-v5/a7/77/dadc3c8f1b913057e9e6985d78f1977eeb7b4759398fd4fdac6728cfbdae
14 notice 924B    _cacache/index-v5/a8/19/e2c80a73d32d91eba6779c6e640d8c961b1aab9801ee9518248f7ab008a9
14 notice 3.4kB   _cacache/index-v5/a8/cb/8f7bc0ba6db7d68ba8910ac51998922719cfe368ed9827579ee109bc8942
14 notice 6.7kB   _cacache/index-v5/a9/aa/7cb3b7786de42beaa157635194299c8a4c0451def21f981df2dec1bf6fb0
14 notice 1.6kB   _cacache/index-v5/aa/7b/addb5b75f3607cd38ab99622d713002a92d9d127aa8f22a70ec5f13d0212
14 notice 1.3kB   _cacache/index-v5/aa/fe/5744038e2b92d8d379ff017acd1e4531d4b59834d4839e175361714466f4
14 notice 1.1kB   _cacache/index-v5/ab/1b/3186d2a3c8c469f8a1c20cee3e163602a09e5d80c511695ef9f7a7500830
14 notice 1.5kB   _cacache/index-v5/ac/26/f42b7959acb8c92fb5f49de111d38405b1b356a09729d63dd4c50bca10ac
14 notice 1.6kB   _cacache/index-v5/ac/4d/cbf5b3ad80142bb46812aad216e17ec3c5074882ccf213cba4afa8492a4f
14 notice 1.5kB   _cacache/index-v5/ac/7c/2d82cc88fd1ba209872bfa0ba04efcfee6a4e2907601a14f57047ae7eb56
14 notice 1.6kB   _cacache/index-v5/ac/d8/74bfc33d852b6c4043d33e9326df28f3ec2b1f90983f01965424ea43a60d
14 notice 1.6kB   _cacache/index-v5/ad/0b/4f9433e49e7e2292552dd2c56961f3b8516ee7a9565b4c9664e9fb20a82b
14 notice 768B    _cacache/index-v5/ad/57/7ca6d392c6ab89683c4e748a1e346caa3442eac25da32e76ff7464a315c2
14 notice 1.5kB   _cacache/index-v5/ad/a9/441f2071cf2258e0cbeee9bfb60ccab46b0bd6d69eef9f7d999526a0e794
14 notice 1.5kB   _cacache/index-v5/ae/28/0918900de62eb373b2e2d4fbad5f70d2b3d0971ca076f9e2ede93db67e70
14 notice 1.6kB   _cacache/index-v5/ae/35/8cad609507d4ecf808b10013b3aaeeabeff2353ae9e5c523f75e62a52d47
14 notice 1.4kB   _cacache/index-v5/ae/94/f38e896418bb6202efa24a632f2226df11efe2be7040a65eb74d62efb7b9
14 notice 1.5kB   _cacache/index-v5/ae/c0/5e9f1c0e6bbce56589b246f362801c5548e573f5b44ca7ae628a6230906d
14 notice 1.5kB   _cacache/index-v5/af/4c/c4ff8cf6785b326dc9a2c3591b02affe4b93dab0d63a8cf2d0d3cf0e72bc
14 notice 1.6kB   _cacache/index-v5/b0/1c/f957a8c30e4e54443d2341b969fa72bc464fab78916c09413f790a59e460
14 notice 1.5kB   _cacache/index-v5/b0/bb/185bb335a6e45b56e607e9f04aa6bdc66ae7c012ad832bf5263cf0ce1b40
14 notice 1.5kB   _cacache/index-v5/b0/c2/f889fb3340e434df02b8ad782dc2d9b1b10dac67a9843e50866ce73729c0
14 notice 993B    _cacache/index-v5/b1/2b/2ac0adaffc4125fc010eff605da8954e8a5844e71bb6def181af812a5958
14 notice 5.1kB   _cacache/index-v5/b1/66/47aae82e615553a43c3fea82603cea09792172f00c4e7d5f63938d0168c5
14 notice 1.6kB   _cacache/index-v5/b2/55/4617f24ade371cd7daed41aa77c83051b685bad2a405529583063a928183
14 notice 1.5kB   _cacache/index-v5/b3/0b/83110645cd848e1d6953d47aa5ec60b3912c473683dea7b464a4c0e82a25
14 notice 945B    _cacache/index-v5/b3/c7/77bf6e9567dbfe0288b80367055360b654be3059db60db8280bb93f3b63a
14 notice 1.6kB   _cacache/index-v5/b4/44/fe2dc7b15ee072447b6e76a2e9e03b20c97a6f73d69e5dad8d2e588c52c4
14 notice 1.6kB   _cacache/index-v5/b4/79/4dae41c941a856437d06e4c03b40ecedefb81e248687d1ef1012b25994eb
14 notice 1.5kB   _cacache/index-v5/b4/c9/a9c29fe2180f9c32d8aa1ad5d006ddf74af429cdef0317d5ff2eaeaf1cc6
14 notice 866B    _cacache/index-v5/b5/02/e6aaffcb6401faed6816e06f35973283e695fd9fa45f628311a55e3ff24f
14 notice 827B    _cacache/index-v5/b5/65/83f0dbc0184353d5b6d9c34e9668bd285244688658b1a7f5313fdc098731
14 notice 1.5kB   _cacache/index-v5/b8/13/09f3dc35a219545c62415d468f4943dc79e609de3adf8ad6d8628218dd19
14 notice 1.5kB   _cacache/index-v5/b9/82/48377b21df6cfad343808f5f4100e32f676143383ef4ea91deb7db17d990
14 notice 864B    _cacache/index-v5/b9/96/901efb8556af46087b41bd5ab2b40d2c0baf4c7d0261d52d267904b4af98
14 notice 1.6kB   _cacache/index-v5/ba/85/97b21287eb886d64a18e0e4e7ba3cf724ab83ba744b8a21f385e9aa375cc
14 notice 1.2kB   _cacache/index-v5/ba/c2/901c475e58fcd26f12a2cc9129788f25aa6d4c2c6aa8b68d78b2076c0986
14 notice 1.5kB   _cacache/index-v5/ba/cb/ead03e01930b659719c664079912b74e5b35ca300004d9aee66e6ce3ec6e
14 notice 1.6kB   _cacache/index-v5/bb/2b/905c07b25eb4b7d3eb9178fd514e4b91e096b21f27100a1b7076c73d5ef3
14 notice 1.6kB   _cacache/index-v5/bb/7b/7c269355e0e9c720afeae51d5ca3f8dc406e5134934c45923dd2f8af306f
14 notice 3.0kB   _cacache/index-v5/bd/70/e271f244a3eea87fa42568b04ffca7e6b96efacfbe589c11d602593af543
14 notice 811B    _cacache/index-v5/be/2b/fb6bffd4126b24e65791f5941d8a3ff0703f95a97ab71d14556f7a636819
14 notice 1.5kB   _cacache/index-v5/be/5b/fad8e7ed367bb641d59fb2c02454ec868937a14032aec2a0d74bd84e3a36
14 notice 1.6kB   _cacache/index-v5/be/ff/68849a2046211b870084ab357712fa311e3b489aaf5e13899fa1f3722431
14 notice 1.5kB   _cacache/index-v5/bf/c8/3bc83bb7128d001ca87cdbd3a17b046d529b48f35dfbc775e122d7052e24
14 notice 1.5kB   _cacache/index-v5/c0/9a/91122d05a25c7bb38b5e797c881a9b66b5840b6ec5dba956866a68b7f1f4
14 notice 3.1kB   _cacache/index-v5/c1/86/9496e2e0927f1851e1cf545a0d1be37955570c09c966d023831dec7be4c6
14 notice 1.1kB   _cacache/index-v5/c2/57/37f64b049d6942fc5da2547d430bce55f49755c2dd1ea3d2a56f636fd09c
14 notice 1.6kB   _cacache/index-v5/c3/21/537ed34871822b8ccaec8b84828f7e253b5ab8b7b46e541f2eb3aa185e0a
14 notice 836B    _cacache/index-v5/c3/2b/ac503b5e1489ee079fb9e60cf31a6e26a64bd6424a336c5a3505ac1a7f0c
14 notice 972B    _cacache/index-v5/c3/32/f34c58526d7f701d702573d69be5d39984426ce5b9a7e961539d2a547ee2
14 notice 1.5kB   _cacache/index-v5/c3/36/dc15cb5638f92331dcf381ce0cc02fe1343a619b6e4c50afe035462d4f6b
14 notice 1.6kB   _cacache/index-v5/c5/0d/26546f6759e251bb90c7618472aab5d47c8d2fc2539929e2b66532fdd3f4
14 notice 1.1kB   _cacache/index-v5/c5/1e/549abea6db9d40f6d39526a4fcbb2c4b316f89b4132db8f98ab0f00ee086
14 notice 1.5kB   _cacache/index-v5/c5/94/998c0b0d254fe31ca5486a2798fcb720178e1d71a66a9e95bba594995d79
14 notice 1.5kB   _cacache/index-v5/c5/e6/104807c0dfd2b6360ba018b016c6aa65f4dd4307fb6b08083d3b6bdd6dd7
14 notice 1.6kB   _cacache/index-v5/c5/f5/a80990b055685c08d11a040d8770a3d216d6b55561e102e5c906d2668127
14 notice 1.6kB   _cacache/index-v5/c7/ca/1131ad159eea87a4dbf29747e2e87e2334b7d568fdf182875aaa63dfc083
14 notice 804B    _cacache/index-v5/c8/80/8dbab9fdb065c1cf08b37b409c60981dae596a8f21186772396a759f7a79
14 notice 1.5kB   _cacache/index-v5/ca/d8/40dfe0b588ad81df1d59059c627fe21bb1dbbdcf892162a3be01661fad95
14 notice 1.5kB   _cacache/index-v5/cb/0e/58386ed0d86f1d203e65ee68f98ce79ccd9e2ee799c9d77412f4638208e6
14 notice 1.6kB   _cacache/index-v5/cc/9f/a1cfc77b7ed7cfa4ff8f7c08d17fa0aa1772145cba35d084e948e2e0779a
14 notice 1.6kB   _cacache/index-v5/cd/11/2563e338d122e47defa54812003158351dbf61986ada16413908ff078a85
14 notice 1.1kB   _cacache/index-v5/cd/86/caeb58d7dd6f6511597a4a33b82f94a10ef0c71396c9582588bdd21c8c73
14 notice 956B    _cacache/index-v5/cd/b4/93a74d2f34269b226d19c73febd73852066e4ef4714dbdcb2d7fe3a8d3f6
14 notice 1.1kB   _cacache/index-v5/ce/9a/32a59301b975d6256dbc72cf9ae2ce9175e7b4756f44cf6ab7c6ca530feb
14 notice 1.6kB   _cacache/index-v5/ce/a8/cb7ed399cfd2982906dc6a7702328b21cd6538a9156549e6b7b7f9c93fd2
14 notice 1.6kB   _cacache/index-v5/ce/c0/dfaee06be241162ae02cece9d7884e402ebe0892b0612027d14bf85e3041
14 notice 1.6kB   _cacache/index-v5/cf/66/15b09e058aeafe2d0e6a7d25f37d41118dd96ef7bca215ab3803e85438a3
14 notice 1.5kB   _cacache/index-v5/cf/ca/e697a49ccf6d49a4ad6c84e17b09280a522f827430ebae198bcde584f9df
14 notice 1.6kB   _cacache/index-v5/cf/fd/5d2c0e192dcf8848cef62c006ee4fbacb94371198cfb1d5118412b14c804
14 notice 1.0kB   _cacache/index-v5/d0/67/7205c8cab8948656fddb5a052fd8bd526d64f33b872e147ddd8316a836ab
14 notice 1.6kB   _cacache/index-v5/d0/75/9c5ca1769531e15a9da5a474bc35ec78d73a1c71bf55851de9819836fdc8
14 notice 1.5kB   _cacache/index-v5/d0/ef/9b61712dbcb660210cca653aad4b15034adc6de1a07a31f0fd658a8d91fb
14 notice 1.6kB   _cacache/index-v5/d1/4b/5da4073e0c7aaf9238b49ecaf502c72c978f65812e1338c01739c4ed44b2
14 notice 1.6kB   _cacache/index-v5/d1/7d/dae2b11c4fc025769936ae1acfd5a2a2862905714e85410a5c1e078058ee
14 notice 1.5kB   _cacache/index-v5/d2/77/42ed319295c3e03b8abb5137f2f6b772c2c1eeaf8b43c5e7ef456582add0
14 notice 1.5kB   _cacache/index-v5/d2/a1/a3f85aaef08c58e93c57fab2a56401daaa84e06a0b322b46f5cc41a1ef83
14 notice 1.6kB   _cacache/index-v5/d4/79/c9a13897458bc9436944fde146f02c62f2c3342388536242c13eaafa6370
14 notice 1.6kB   _cacache/index-v5/d6/35/390cb7d6bfac49877f8860ab9885544882201ccb19bc97a57bcbad2d2d5b
14 notice 1.5kB   _cacache/index-v5/d6/4b/e07c6dcd3d11e6b073d8c873a27837a7c9997c20d5a519926d40fb825e7e
14 notice 913B    _cacache/index-v5/d6/a5/c85c7575afa173bfaaa124c534f29e49b10ba75b00fee2597015953a2954
14 notice 1.5kB   _cacache/index-v5/d7/9c/12748957133b7cd697c23c8043d875e669758168216714c77224cb6204d0
14 notice 1.6kB   _cacache/index-v5/d7/ba/fab7fb8eede24776da1cbd7aafd4c18a688323b6dd159f9b64682b475e51
14 notice 1.6kB   _cacache/index-v5/d8/15/4ad66fd7853f44c58488d6875463c68936c43b901d79495f61ed36414b6b
14 notice 1.0kB   _cacache/index-v5/d8/b4/46ff639d095fdc51a17f4166c0792544bad096b2a277025f60093ee99284
14 notice 1.6kB   _cacache/index-v5/da/03/a97ca97840b0c642f2f415464ef929c8d57427e0e2a74c75d602d0dde19b
14 notice 1.4kB   _cacache/index-v5/da/09/acf1464bfdb92f290fb18a73d1d36d13bb62885144127b6ad853277cc634
14 notice 1.6kB   _cacache/index-v5/db/93/b7cdd164ef7e7990187ea7a6128168bf07670511890dbe836d27317d0642
14 notice 3.1kB   _cacache/index-v5/dc/3a/796f32347f1a9bd9f2c29ea7bb547bc579670dc9315e892a8819ec6f5a74
14 notice 1.6kB   _cacache/index-v5/dd/4d/7677b3446adfbd7269b78d932a16bf2945cf637200b0f65962a79150d4a1
14 notice 1.5kB   _cacache/index-v5/dd/61/7ef111038e7c233732de1a44f1821ffb4ea9ca9692f19c37029e7c5a13f4
14 notice 1.6kB   _cacache/index-v5/dd/8c/d989a6d5c0421a524e81bb249a25c4950ff6f2be1530217afe311912d91b
14 notice 1.6kB   _cacache/index-v5/dd/e0/50a3fd9237ae55abecf696249dcf2112cd8e6bb0fd52155ceb659a3a4177
14 notice 1.1kB   _cacache/index-v5/de/02/264abef0be3dc33629c4440dbdc2983427606660efbfae4eebb960f01cf2
14 notice 3.4kB   _cacache/index-v5/de/38/9aef704d8db4e0286b7b2dbe1c743c58d33a6935d8c0737e79f06d0a304f
14 notice 1.6kB   _cacache/index-v5/de/92/bd9120e45b5732bae940d5e9360e2236e7926219ec4dd755bbe8a9679644
14 notice 1.4kB   _cacache/index-v5/de/c8/4de16e2a81731606a8989ab1f1d65895f6bf41a49129c608678ac12bcbe3
14 notice 1.5kB   _cacache/index-v5/df/95/03f1a2630809a92e8ca9abc3601fea30572e8cd120291f1de4a286048f12
14 notice 1.6kB   _cacache/index-v5/e0/22/f940dff130abf84ecea072747ed3875483f6184bbf7f3f5d8a3b3277c086
14 notice 1.5kB   _cacache/index-v5/e0/a7/00ee654c06ddea096f1e8ca97c7ec3c0b8d2aaac84ae72c753467180a51e
14 notice 1.5kB   _cacache/index-v5/e0/da/121768817ecc9097b4258b42a895a2b9ec164a2173bacccbe0bb5552573a
14 notice 953B    _cacache/index-v5/e1/0e/bf9187dc535aa060eae7469d63a7b4d57424367affac1a52fb686c3e8f0a
14 notice 1.1kB   _cacache/index-v5/e1/15/97ea90b40e91b0f19bf9ab0a5ad822ac57ed30f08d72ca4743575b1d1c1b
14 notice 1.6kB   _cacache/index-v5/e2/05/69697f4df7d18131d7a8c70c462618478617cbef596e69d316754c20afd5
14 notice 870B    _cacache/index-v5/e3/0f/967b4bf9bb0f62d31186a5279d5802c68bafb28bd7791c845baedca30f21
14 notice 2.3kB   _cacache/index-v5/e3/5e/9c38b0d76311bc326f967bea33c4bdfc0cc0531d3f28dc607b4c2a119e2f
14 notice 1.2kB   _cacache/index-v5/e3/f4/2e6596ce23ead09d9642c35afc440706be0277fe6db4ae6d62485b359f1c
14 notice 1.6kB   _cacache/index-v5/e5/90/8958b75a182a53792675666416f4e15af69b914fb7edb01191fa23a5aa62
14 notice 881B    _cacache/index-v5/e5/dc/86c9fa311caf7ef17d628847fe4fcc7424f01566ec9eeb1887b6696b1429
14 notice 1.5kB   _cacache/index-v5/e6/cd/be8a197e0166530145516276a854628b33740ab1b6ec34caf6a31a4b087f
14 notice 1.5kB   _cacache/index-v5/e7/53/ab5341dd0e98f98545a1bbeedf3c34e43beb0b922d3d996b107cec02792a
14 notice 1.5kB   _cacache/index-v5/e7/f9/da234da02eb7cc6453ed6a01cd5e5da74cb9773aede846dafd2c8cac4e4c
14 notice 923B    _cacache/index-v5/e7/fa/ce8cd343498605286d026889019078653dccf349dbbe88fbcc1a1b8f5296
14 notice 3.2kB   _cacache/index-v5/e8/76/bd18ddba41ad5ff03072304022c893c07e9a5c36bc7b1f139901e42037a2
14 notice 1.6kB   _cacache/index-v5/e8/f3/2bd2e778cb4cb4e06751b7a8e66f9cb4e2bab8e2e9ea7dd63cd1d8c8ddbf
14 notice 981B    _cacache/index-v5/e9/84/539bbb24196170a7e9f5306b869fd16388ad0fa2cbd2690788b354a719f6
14 notice 1.5kB   _cacache/index-v5/e9/a3/1c81414d626c12af418cdb717273d0e3e3f7d721fb759a6338ede1a1f718
14 notice 1.6kB   _cacache/index-v5/e9/de/516ac57b6562a5280c895de4fe542794b2a16d6ce0608bf91b5e9c822f3f
14 notice 1.6kB   _cacache/index-v5/ea/0b/87d3647a91808d477a0e26bbe21e05b92f314579e487a0095af6a70cc011
14 notice 1.6kB   _cacache/index-v5/eb/64/e1ef9d5badcb3b8be7be1aae36bd861ed65ff60e0d463ae052d2e41e8463
14 notice 1.5kB   _cacache/index-v5/eb/78/4f2654e1ce0bf888d36275cf41287fab94b25fce5294935196bb2b549fec
14 notice 1.6kB   _cacache/index-v5/eb/f2/e3daef066ff205abaa7e8f7310478dfc4ac85e3407438f8b6acc8621b172
14 notice 1.6kB   _cacache/index-v5/ec/48/2248c45eb2cbd0cbd1e36b7b4bf7c4827d9cd93557e52e82c0789ad1e2dd
14 notice 1.6kB   _cacache/index-v5/ec/9b/49e92cb7d8ed004f3675007e335fbcab586a0e874d5881794057921331d7
14 notice 1.1kB   _cacache/index-v5/ed/1d/0f338b68713eaebde5a34d0c80c42a6b6b3d8e92dc5abcb95041422aa89a
14 notice 3.4kB   _cacache/index-v5/ee/2f/226f5168255344d18f7036d0955798a82456a44c5b082c6a7d89324457d7
14 notice 903B    _cacache/index-v5/ee/51/d5ee7241a358d5c013c75b8c4496196fdfd737ce39d6310b60ee8b22e262
14 notice 1.5kB   _cacache/index-v5/ee/78/2d34d31ea535afa5def64b743f230ceb05a427b64d3e6cb39a53bb2f3d94
14 notice 831B    _cacache/index-v5/ee/f8/cbded76e9af673b8fac57b9dd743d29d83c90520de7bea54eddd03bca1ea
14 notice 1.6kB   _cacache/index-v5/f0/39/6d23a7ec64eec8e933f6a215d78aa7cd5ea25e8c10661ac71d564fd96fd7
14 notice 1.6kB   _cacache/index-v5/f0/46/b567f962804e5b8360987e0fb6b1f5927590fc71c2439fffe3d3f428b31a
14 notice 1.7kB   _cacache/index-v5/f0/65/d4ae81cfd05310b643d8b4f5af6ae35582657b2dd1373f70bd4a1ee285ff
14 notice 872B    _cacache/index-v5/f1/d7/8c2cbe8f4ae4884d72db8db310386b1bfdc6b3ef327a61b63a9e1e81ec74
14 notice 1.6kB   _cacache/index-v5/f1/f2/8717a613e7843ee187a487f18678f4821e191217c8bee209a068183037b2
14 notice 1.6kB   _cacache/index-v5/f3/0e/51d5b658b0ca2422a6013c9cc06a2d3bc5ffcedd37c0a1e6c24353094725
14 notice 6.6kB   _cacache/index-v5/f3/1c/459b1d2467fa9783cfb3702f4e24972a6310f79fc34743b533d6843877b9
14 notice 1.6kB   _cacache/index-v5/f3/90/47f713d4caf9ac1905ef5f9462988631bb2acdce9b11f5ee505411906c56
14 notice 1.5kB   _cacache/index-v5/f4/0c/729d750d6429483ac245031628a322007c6a5b4a1f65759424c60d1286a0
14 notice 975B    _cacache/index-v5/f5/6a/3154e9c8db3b2adfbcb1ed0722eb91186c169dc011918ee79056da78702f
14 notice 1.5kB   _cacache/index-v5/f5/d4/1754386779c8fb3ed4c76a00e9d4f5d635f4bf857ba9cd0deb716ff2dd16
14 notice 1.6kB   _cacache/index-v5/f6/af/57c8bd0b2043e041e8978863d070c089bb5ff1216697707316e3910a8c8b
14 notice 972B    _cacache/index-v5/f7/8a/ac0c70fca24cd7a06cf20dfe571913528c38bab268853d5a33faf5337395
14 notice 1.2kB   _cacache/index-v5/f7/bf/464b7457ccbf6aac214e733f64c71cbaacd8deeb9f2ce5209cb55ee1d5cf
14 notice 1.6kB   _cacache/index-v5/f7/db/7e93fde094fe03ac3bf2114a0799acf1840770b0a13d4b8b951fa81bb273
14 notice 1.6kB   _cacache/index-v5/f8/a7/c75e8188f9b2910b568ea50bf3c8d97944eb6e174637cfafa6171d7af1e9
14 notice 1.0kB   _cacache/index-v5/fa/06/01d16d83f72380774f33d800acca03abed5682da14d27b19dde818804003
14 notice 3.3kB   _cacache/index-v5/fa/5c/edad090682350a451f684f6da789ed5969a2aabd7bd5d09ee556c8f0e303
14 notice 1.6kB   _cacache/index-v5/fa/87/706b7dd146354ee5d676cdb7af6da286ab8f1dd2f4e7f7917fb515c9b5cb
14 notice 3.4kB   _cacache/index-v5/fa/a8/63e7404639674aff2cabdac3a7d63ab0d93c5c1c1f728b6514165847105a
14 notice 1.6kB   _cacache/index-v5/fa/e1/3cf276c9565eedf39e93131aa3faf7964c788113aff0109cc61c9b6eed36
14 notice 1.6kB   _cacache/index-v5/fb/da/e1b60b6240b2a3cad680c01d942de178e1de18f97c5e93b1a5ce7b365ca0
14 notice 1.5kB   _cacache/index-v5/fc/41/845cc31af9ff58c1f8a25160f02325d6c50e9f80d95b493ef5ccf3dcaeca
14 notice 1.6kB   _cacache/index-v5/fc/44/9ac2456b8f295798587dcae742b14dfd87f2641266c46a55253de42e9d33
14 notice 968B    _cacache/index-v5/fc/ab/4431e06fb77fb69eef1599941cf3e2e3dfafd165c7be2d9a41cf53448d36
14 notice 1.5kB   _cacache/index-v5/fc/b8/a64cdd0b31f091340f678c0f8dfff92400b901c49b10f47a2561252a329a
14 notice 1.5kB   _cacache/index-v5/fc/f6/2d9c851e452ed812df5daf33342d4dd04efefb05aa8566f7645bc0a107bc
14 notice 803B    _cacache/index-v5/fd/e5/02fb79b95be5a864678654a2584f3458a1e584f9d4c892962a90ce0c62cf
14 notice 833B    _cacache/index-v5/fe/13/dbbcfed6843ce6a92e9273140e288bd5792ea15390abd2b5415d8b8d7ad5
14 notice 3.2MB   _cacache/tmp/5be98316
14 notice 7.8MB   _cacache/tmp/7250e206
14 notice 2.9kB   _logs/2020-08-14T03_18_56_975Z-debug.log
14 notice 2.9kB   _logs/2020-08-14T03_19_56_311Z-debug.log
14 notice 80.4kB  _logs/2020-08-14T03_24_30_336Z-debug.log
14 notice 2.0kB   _logs/2020-08-17T03_28_44_017Z-debug.log
14 notice 391.4kB _logs/2020-08-17T03_47_54_070Z-debug.log
14 notice 38.6kB  _logs/2020-08-17T05_18_30_930Z-debug.log
14 notice 391.3kB _logs/2020-08-17T05_24_06_158Z-debug.log
14 notice 391.2kB _logs/2020-08-17T05_26_30_463Z-debug.log
14 notice 391.3kB _logs/2020-08-17T05_32_52_331Z-debug.log
14 notice 192B    lib/demo.html
14 notice 64.1kB  lib/img/quectel.c5228ac3.png
14 notice 5.6MB   lib/quectel-ui.common.js
14 notice 12.3kB  lib/quectel-ui.css
14 notice 5.6MB   lib/quectel-ui.umd.js
14 notice 2.0MB   lib/quectel-ui.umd.min.js
14 notice 7.4kB   theme/alert.css
14 notice 2.8kB   theme/aside.css
14 notice 33.8kB  theme/autocomplete.css
14 notice 5.7kB   theme/avatar.css
14 notice 5.5kB   theme/backtop.css
14 notice 6.1kB   theme/badge.css
14 notice 24.8kB  theme/base.css
14 notice 0       theme/breadcrumb-item.css
14 notice 6.3kB   theme/breadcrumb.css
14 notice 0       theme/button-group.css
14 notice 21.6kB  theme/button.css
14 notice 28.1kB  theme/calendar.css
14 notice 5.7kB   theme/card.css
14 notice 6.2kB   theme/carousel-item.css
14 notice 8.3kB   theme/carousel.css
14 notice 41.9kB  theme/cascader-panel.css
14 notice 83.6kB  theme/cascader.css
14 notice 0       theme/checkbox-button.css
14 notice 0       theme/checkbox-group.css
14 notice 16.5kB  theme/checkbox.css
14 notice 39.2kB  theme/col.css
14 notice 0       theme/collapse-item.css
14 notice 13.4kB  theme/collapse.css
14 notice 14.6kB  theme/color-picker.css
14 notice 3.2kB   theme/container.css
14 notice 85.6kB  theme/date-picker.css
14 notice 13.5kB  theme/dialog.css
14 notice 6.2kB   theme/display.css
14 notice 5.9kB   theme/divider.css
14 notice 11.7kB  theme/drawer.css
14 notice 0       theme/dropdown-item.css
14 notice 0       theme/dropdown-menu.css
14 notice 37.0kB  theme/dropdown.css
14 notice 2.4kB   theme/element-variables.css
14 notice 56.0kB  theme/fonts/element-icons.ttf
14 notice 28.2kB  theme/fonts/element-icons.woff
14 notice 5.1kB   theme/footer.css
14 notice 0       theme/form-item.css
14 notice 8.4kB   theme/form.css
14 notice 5.1kB   theme/header.css
14 notice 17.9kB  theme/icon.css
14 notice 9.4kB   theme/image.css
14 notice 1.3MB   theme/index.css
14 notice 0       theme/infinite-scroll.css
14 notice 0       theme/infiniteScroll.css
14 notice 23.3kB  theme/input-number.css
14 notice 13.8kB  theme/input.css
14 notice 7.7kB   theme/link.css
14 notice 7.1kB   theme/loading.css
14 notice 5.2kB   theme/main.css
14 notice 0       theme/menu-item-group.css
14 notice 0       theme/menu-item.css
14 notice 19.3kB  theme/menu.css
14 notice 51.2kB  theme/message-box.css
14 notice 7.4kB   theme/message.css
14 notice 7.1kB   theme/notification.css
14 notice 5.7kB   theme/option-group.css
14 notice 5.6kB   theme/option.css
14 notice 5.8kB   theme/page-header.css
14 notice 75.5kB  theme/pagination.css
14 notice 5.3kB   theme/popconfirm.css
14 notice 12.6kB  theme/popover.css
14 notice 6.9kB   theme/popper.css
14 notice 7.7kB   theme/progress.css
14 notice 10.3kB  theme/radio-button.css
14 notice 5.1kB   theme/radio-group.css
14 notice 11.7kB  theme/radio.css
14 notice 5.8kB   theme/rate.css
14 notice 3.4kB   theme/reset.css
14 notice 6.1kB   theme/row.css
14 notice 6.4kB   theme/scrollbar.css
14 notice 13.2kB  theme/select-dropdown.css
14 notice 64.5kB  theme/select.css
14 notice 42.9kB  theme/slider.css
14 notice 3.7kB   theme/spinner.css
14 notice 11.9kB  theme/step.css
14 notice 3.0kB   theme/steps.css
14 notice 0       theme/submenu.css
14 notice 7.2kB   theme/switch.css
14 notice 0       theme/tab-pane.css
14 notice 34.9kB  theme/table-column.css
14 notice 52.3kB  theme/table.css
14 notice 24.7kB  theme/tabs.css
14 notice 11.7kB  theme/tag.css
14 notice 59.1kB  theme/time-picker.css
14 notice 43.3kB  theme/time-select.css
14 notice 6.9kB   theme/timeline-item.css
14 notice 5.2kB   theme/timeline.css
14 notice 8.3kB   theme/tooltip.css
14 notice 61.6kB  theme/transfer.css
14 notice 31.0kB  theme/tree.css
14 notice 26.8kB  theme/upload.css
15 notice === Tarball Details ===
16 notice name:          quectel-ui
16 notice version:       0.1.2
16 notice package size:  58.3 MB
16 notice unpacked size: 79.3 MB
16 notice shasum:        baa09cbe5aea5b81c3afc54dc9e76d9c12a3809a
16 notice integrity:     sha512-7XfcY09N355TD[...]TJonKORHWVsFA==
16 notice total files:   853
17 notice
18 http fetch PUT 403 http://registry.npmjs.org/quectel-ui 64246ms
19 verbose stack Error: 403 Forbidden - PUT http://registry.npmjs.org/quectel-ui - You cannot publish over the previously published versions: 0.1.2.
19 verbose stack     at res.buffer.catch.then.body (C:\Users\emma.wang\AppData\Roaming\nvm\v11.15.0\node_modules\npm\node_modules\npm-registry-fetch\check-response.js:104:15)
19 verbose stack     at processTicksAndRejections (internal/process/task_queues.js:86:5)
20 verbose statusCode 403
21 verbose pkgid quectel-ui@0.1.2
22 verbose cwd C:\Users\emma.wang\Desktop\github\quectel-UI\quectel-ui
23 verbose Windows_NT 10.0.18363
24 verbose argv "D:\\nodejs\\node.exe" "D:\\nodejs\\node_modules\\npm\\bin\\npm-cli.js" "publish"
25 verbose node v11.15.0
26 verbose npm  v6.7.0
27 error code E403
28 error 403 Forbidden - PUT http://registry.npmjs.org/quectel-ui - You cannot publish over the previously published versions: 0.1.2.
29 verbose exit [ 1, true ]
